<?xml version="1.0" encoding="UTF-8"?>
<testsuite name="Regression Test"
           tests="2"
           failures="0"
           errors="0"
           skipped="0"
           time="12.560">
  <properties />
  
  
            <testcase name="verifyProductAddedToShoppingCartSuccessFully" time="11.705" classname="com.nopcommerce.demo.testsuite.ComputersTest" />
                <testcase name="verifyProductArrangeInAlphabeticalOrder" time="0.855" classname="com.nopcommerce.demo.testsuite.ComputersTest" />
      
</testsuite>
