<?xml version="1.0" encoding="UTF-8"?>
<testsuite name="Regression Test"
           tests="2"
           failures="0"
           errors="0"
           skipped="0"
           time="13.012">
  <properties />
  
  
            <testcase name="verifyThatTheProductAddedSuccessfullyAndPlaceOrderSuccessfully" time="12.193" classname="com.nopcommerce.demo.testsuite.ElectronicTest" />
                <testcase name="verifyUserShouldNavigateToCellPhonesPageSuccessfully" time="0.819" classname="com.nopcommerce.demo.testsuite.ElectronicTest" />
      
</testsuite>
