<?xml version="1.0" encoding="UTF-8"?>
<testng-results skipped="0" failed="0" ignored="0" total="6" passed="6">
  <reporter-output>
    <line>
      <![CDATA[The menu options are [[[ChromeDriver: chrome on WINDOWS (4cbd60a284b95d7fa535a3ce02fff8bc)] -> xpath: //div[@class='header-menu']//ul/child::*], [[ChromeDriver: chrome on WINDOWS (4cbd60a284b95d7fa535a3ce02fff8bc)] -> xpath: //div[@class='header-menu']//ul/child::*], [[ChromeDriver: chrome on WINDOWS (4cbd60a284b95d7fa535a3ce02fff8bc)] -> xpath: //div[@class='header-menu']//ul/child::*], [[ChromeDriver: chrome on WINDOWS (4cbd60a284b95d7fa535a3ce02fff8bc)] -> xpath: //div[@class='header-menu']//ul/child::*], [[ChromeDriver: chrome on WINDOWS (4cbd60a284b95d7fa535a3ce02fff8bc)] -> xpath: //div[@class='header-menu']//ul/child::*], [[ChromeDriver: chrome on WINDOWS (4cbd60a284b95d7fa535a3ce02fff8bc)] -> xpath: //div[@class='header-menu']//ul/child::*], [[ChromeDriver: chrome on WINDOWS (4cbd60a284b95d7fa535a3ce02fff8bc)] -> xpath: //div[@class='header-menu']//ul/child::*], [[ChromeDriver: chrome on WINDOWS (4cbd60a284b95d7fa535a3ce02fff8bc)] -> xpath: //div[@class='header-menu']//ul/child::*], [[ChromeDriver: chrome on WINDOWS (4cbd60a284b95d7fa535a3ce02fff8bc)] -> xpath: //div[@class='header-menu']//ul/child::*], [[ChromeDriver: chrome on WINDOWS (4cbd60a284b95d7fa535a3ce02fff8bc)] -> xpath: //div[@class='header-menu']//ul/child::*], [[ChromeDriver: chrome on WINDOWS (4cbd60a284b95d7fa535a3ce02fff8bc)] -> xpath: //div[@class='header-menu']//ul/child::*], [[ChromeDriver: chrome on WINDOWS (4cbd60a284b95d7fa535a3ce02fff8bc)] -> xpath: //div[@class='header-menu']//ul/child::*], [[ChromeDriver: chrome on WINDOWS (4cbd60a284b95d7fa535a3ce02fff8bc)] -> xpath: //div[@class='header-menu']//ul/child::*], [[ChromeDriver: chrome on WINDOWS (4cbd60a284b95d7fa535a3ce02fff8bc)] -> xpath: //div[@class='header-menu']//ul/child::*], [[ChromeDriver: chrome on WINDOWS (4cbd60a284b95d7fa535a3ce02fff8bc)] -> xpath: //div[@class='header-menu']//ul/child::*], [[ChromeDriver: chrome on WINDOWS (4cbd60a284b95d7fa535a3ce02fff8bc)] -> xpath: //div[@class='header-menu']//ul/child::*], [[ChromeDriver: chrome on WINDOWS (4cbd60a284b95d7fa535a3ce02fff8bc)] -> xpath: //div[@class='header-menu']//ul/child::*], [[ChromeDriver: chrome on WINDOWS (4cbd60a284b95d7fa535a3ce02fff8bc)] -> xpath: //div[@class='header-menu']//ul/child::*], [[ChromeDriver: chrome on WINDOWS (4cbd60a284b95d7fa535a3ce02fff8bc)] -> xpath: //div[@class='header-menu']//ul/child::*], [[ChromeDriver: chrome on WINDOWS (4cbd60a284b95d7fa535a3ce02fff8bc)] -> xpath: //div[@class='header-menu']//ul/child::*], [[ChromeDriver: chrome on WINDOWS (4cbd60a284b95d7fa535a3ce02fff8bc)] -> xpath: //div[@class='header-menu']//ul/child::*], [[ChromeDriver: chrome on WINDOWS (4cbd60a284b95d7fa535a3ce02fff8bc)] -> xpath: //div[@class='header-menu']//ul/child::*], [[ChromeDriver: chrome on WINDOWS (4cbd60a284b95d7fa535a3ce02fff8bc)] -> xpath: //div[@class='header-menu']//ul/child::*], [[ChromeDriver: chrome on WINDOWS (4cbd60a284b95d7fa535a3ce02fff8bc)] -> xpath: //div[@class='header-menu']//ul/child::*], [[ChromeDriver: chrome on WINDOWS (4cbd60a284b95d7fa535a3ce02fff8bc)] -> xpath: //div[@class='header-menu']//ul/child::*], [[ChromeDriver: chrome on WINDOWS (4cbd60a284b95d7fa535a3ce02fff8bc)] -> xpath: //div[@class='header-menu']//ul/child::*], [[ChromeDriver: chrome on WINDOWS (4cbd60a284b95d7fa535a3ce02fff8bc)] -> xpath: //div[@class='header-menu']//ul/child::*], [[ChromeDriver: chrome on WINDOWS (4cbd60a284b95d7fa535a3ce02fff8bc)] -> xpath: //div[@class='header-menu']//ul/child::*], [[ChromeDriver: chrome on WINDOWS (4cbd60a284b95d7fa535a3ce02fff8bc)] -> xpath: //div[@class='header-menu']//ul/child::*], [[ChromeDriver: chrome on WINDOWS (4cbd60a284b95d7fa535a3ce02fff8bc)] -> xpath: //div[@class='header-menu']//ul/child::*], [[ChromeDriver: chrome on WINDOWS (4cbd60a284b95d7fa535a3ce02fff8bc)] -> xpath: //div[@class='header-menu']//ul/child::*], [[ChromeDriver: chrome on WINDOWS (4cbd60a284b95d7fa535a3ce02fff8bc)] -> xpath: //div[@class='header-menu']//ul/child::*]]]]>
    </line>
    <line>
      <![CDATA[The page title are [[ChromeDriver: chrome on WINDOWS (4cbd60a284b95d7fa535a3ce02fff8bc)] -> xpath: //div[@class='page-title']]]]>
    </line>
    <line>
      <![CDATA[Click to see screenshot]]>
    </line>
    <line>
      <![CDATA[<a target = "_blank" href=C:\Users\nik_7\IdeaProjects\project1-nopcommerece-pagefactory-nauman/test-output/html/verifySuccessfulPageNavigationTue_Dec_13_22_19_05_GMT_2022.jpg>Screenshot</a>]]>
    </line>
    <line>
      <![CDATA[<br>]]>
    </line>
    <line>
      <![CDATA[<br>]]>
    </line>
    <line>
      <![CDATA[<a target = "_blank" href=C:\Users\nik_7\IdeaProjects\project1-nopcommerece-pagefactory-nauman/test-output/html/verifySuccessfulPageNavigationTue_Dec_13_22_19_05_GMT_2022.jpg><img src=C:\Users\nik_7\IdeaProjects\project1-nopcommerece-pagefactory-nauman/test-output/html/verifySuccessfulPageNavigationTue_Dec_13_22_19_05_GMT_2022.jpg height=200 width=200></img></a>]]>
    </line>
    <line>
      <![CDATA[The menu options are [[[ChromeDriver: chrome on WINDOWS (c6811eee25d51ad23c5b8d76db56d87f)] -> xpath: //div[@class='header-menu']//ul/child::*], [[ChromeDriver: chrome on WINDOWS (c6811eee25d51ad23c5b8d76db56d87f)] -> xpath: //div[@class='header-menu']//ul/child::*], [[ChromeDriver: chrome on WINDOWS (c6811eee25d51ad23c5b8d76db56d87f)] -> xpath: //div[@class='header-menu']//ul/child::*], [[ChromeDriver: chrome on WINDOWS (c6811eee25d51ad23c5b8d76db56d87f)] -> xpath: //div[@class='header-menu']//ul/child::*], [[ChromeDriver: chrome on WINDOWS (c6811eee25d51ad23c5b8d76db56d87f)] -> xpath: //div[@class='header-menu']//ul/child::*], [[ChromeDriver: chrome on WINDOWS (c6811eee25d51ad23c5b8d76db56d87f)] -> xpath: //div[@class='header-menu']//ul/child::*], [[ChromeDriver: chrome on WINDOWS (c6811eee25d51ad23c5b8d76db56d87f)] -> xpath: //div[@class='header-menu']//ul/child::*], [[ChromeDriver: chrome on WINDOWS (c6811eee25d51ad23c5b8d76db56d87f)] -> xpath: //div[@class='header-menu']//ul/child::*], [[ChromeDriver: chrome on WINDOWS (c6811eee25d51ad23c5b8d76db56d87f)] -> xpath: //div[@class='header-menu']//ul/child::*], [[ChromeDriver: chrome on WINDOWS (c6811eee25d51ad23c5b8d76db56d87f)] -> xpath: //div[@class='header-menu']//ul/child::*], [[ChromeDriver: chrome on WINDOWS (c6811eee25d51ad23c5b8d76db56d87f)] -> xpath: //div[@class='header-menu']//ul/child::*], [[ChromeDriver: chrome on WINDOWS (c6811eee25d51ad23c5b8d76db56d87f)] -> xpath: //div[@class='header-menu']//ul/child::*], [[ChromeDriver: chrome on WINDOWS (c6811eee25d51ad23c5b8d76db56d87f)] -> xpath: //div[@class='header-menu']//ul/child::*], [[ChromeDriver: chrome on WINDOWS (c6811eee25d51ad23c5b8d76db56d87f)] -> xpath: //div[@class='header-menu']//ul/child::*], [[ChromeDriver: chrome on WINDOWS (c6811eee25d51ad23c5b8d76db56d87f)] -> xpath: //div[@class='header-menu']//ul/child::*], [[ChromeDriver: chrome on WINDOWS (c6811eee25d51ad23c5b8d76db56d87f)] -> xpath: //div[@class='header-menu']//ul/child::*], [[ChromeDriver: chrome on WINDOWS (c6811eee25d51ad23c5b8d76db56d87f)] -> xpath: //div[@class='header-menu']//ul/child::*], [[ChromeDriver: chrome on WINDOWS (c6811eee25d51ad23c5b8d76db56d87f)] -> xpath: //div[@class='header-menu']//ul/child::*], [[ChromeDriver: chrome on WINDOWS (c6811eee25d51ad23c5b8d76db56d87f)] -> xpath: //div[@class='header-menu']//ul/child::*], [[ChromeDriver: chrome on WINDOWS (c6811eee25d51ad23c5b8d76db56d87f)] -> xpath: //div[@class='header-menu']//ul/child::*], [[ChromeDriver: chrome on WINDOWS (c6811eee25d51ad23c5b8d76db56d87f)] -> xpath: //div[@class='header-menu']//ul/child::*], [[ChromeDriver: chrome on WINDOWS (c6811eee25d51ad23c5b8d76db56d87f)] -> xpath: //div[@class='header-menu']//ul/child::*], [[ChromeDriver: chrome on WINDOWS (c6811eee25d51ad23c5b8d76db56d87f)] -> xpath: //div[@class='header-menu']//ul/child::*], [[ChromeDriver: chrome on WINDOWS (c6811eee25d51ad23c5b8d76db56d87f)] -> xpath: //div[@class='header-menu']//ul/child::*], [[ChromeDriver: chrome on WINDOWS (c6811eee25d51ad23c5b8d76db56d87f)] -> xpath: //div[@class='header-menu']//ul/child::*], [[ChromeDriver: chrome on WINDOWS (c6811eee25d51ad23c5b8d76db56d87f)] -> xpath: //div[@class='header-menu']//ul/child::*], [[ChromeDriver: chrome on WINDOWS (c6811eee25d51ad23c5b8d76db56d87f)] -> xpath: //div[@class='header-menu']//ul/child::*], [[ChromeDriver: chrome on WINDOWS (c6811eee25d51ad23c5b8d76db56d87f)] -> xpath: //div[@class='header-menu']//ul/child::*], [[ChromeDriver: chrome on WINDOWS (c6811eee25d51ad23c5b8d76db56d87f)] -> xpath: //div[@class='header-menu']//ul/child::*], [[ChromeDriver: chrome on WINDOWS (c6811eee25d51ad23c5b8d76db56d87f)] -> xpath: //div[@class='header-menu']//ul/child::*], [[ChromeDriver: chrome on WINDOWS (c6811eee25d51ad23c5b8d76db56d87f)] -> xpath: //div[@class='header-menu']//ul/child::*], [[ChromeDriver: chrome on WINDOWS (c6811eee25d51ad23c5b8d76db56d87f)] -> xpath: //div[@class='header-menu']//ul/child::*]]]]>
    </line>
    <line>
      <![CDATA[The page title are [[ChromeDriver: chrome on WINDOWS (c6811eee25d51ad23c5b8d76db56d87f)] -> xpath: //div[@class='page-title']]]]>
    </line>
    <line>
      <![CDATA[Click to see screenshot]]>
    </line>
    <line>
      <![CDATA[<a target = "_blank" href=C:\Users\nik_7\IdeaProjects\project1-nopcommerece-pagefactory-nauman/test-output/html/verifySuccessfulPageNavigation2Tue_Dec_13_22_19_09_GMT_2022.jpg>Screenshot</a>]]>
    </line>
    <line>
      <![CDATA[<br>]]>
    </line>
    <line>
      <![CDATA[<br>]]>
    </line>
    <line>
      <![CDATA[<a target = "_blank" href=C:\Users\nik_7\IdeaProjects\project1-nopcommerece-pagefactory-nauman/test-output/html/verifySuccessfulPageNavigation2Tue_Dec_13_22_19_09_GMT_2022.jpg><img src=C:\Users\nik_7\IdeaProjects\project1-nopcommerece-pagefactory-nauman/test-output/html/verifySuccessfulPageNavigation2Tue_Dec_13_22_19_09_GMT_2022.jpg height=200 width=200></img></a>]]>
    </line>
    <line>
      <![CDATA[The menu options are[[[ChromeDriver: chrome on WINDOWS (adf5a42d5e8ac1af6267a34c432cd9ed)] -> xpath: //div[@class='header-menu']//ul/child::*], [[ChromeDriver: chrome on WINDOWS (adf5a42d5e8ac1af6267a34c432cd9ed)] -> xpath: //div[@class='header-menu']//ul/child::*], [[ChromeDriver: chrome on WINDOWS (adf5a42d5e8ac1af6267a34c432cd9ed)] -> xpath: //div[@class='header-menu']//ul/child::*], [[ChromeDriver: chrome on WINDOWS (adf5a42d5e8ac1af6267a34c432cd9ed)] -> xpath: //div[@class='header-menu']//ul/child::*], [[ChromeDriver: chrome on WINDOWS (adf5a42d5e8ac1af6267a34c432cd9ed)] -> xpath: //div[@class='header-menu']//ul/child::*], [[ChromeDriver: chrome on WINDOWS (adf5a42d5e8ac1af6267a34c432cd9ed)] -> xpath: //div[@class='header-menu']//ul/child::*], [[ChromeDriver: chrome on WINDOWS (adf5a42d5e8ac1af6267a34c432cd9ed)] -> xpath: //div[@class='header-menu']//ul/child::*], [[ChromeDriver: chrome on WINDOWS (adf5a42d5e8ac1af6267a34c432cd9ed)] -> xpath: //div[@class='header-menu']//ul/child::*], [[ChromeDriver: chrome on WINDOWS (adf5a42d5e8ac1af6267a34c432cd9ed)] -> xpath: //div[@class='header-menu']//ul/child::*], [[ChromeDriver: chrome on WINDOWS (adf5a42d5e8ac1af6267a34c432cd9ed)] -> xpath: //div[@class='header-menu']//ul/child::*], [[ChromeDriver: chrome on WINDOWS (adf5a42d5e8ac1af6267a34c432cd9ed)] -> xpath: //div[@class='header-menu']//ul/child::*], [[ChromeDriver: chrome on WINDOWS (adf5a42d5e8ac1af6267a34c432cd9ed)] -> xpath: //div[@class='header-menu']//ul/child::*], [[ChromeDriver: chrome on WINDOWS (adf5a42d5e8ac1af6267a34c432cd9ed)] -> xpath: //div[@class='header-menu']//ul/child::*], [[ChromeDriver: chrome on WINDOWS (adf5a42d5e8ac1af6267a34c432cd9ed)] -> xpath: //div[@class='header-menu']//ul/child::*], [[ChromeDriver: chrome on WINDOWS (adf5a42d5e8ac1af6267a34c432cd9ed)] -> xpath: //div[@class='header-menu']//ul/child::*], [[ChromeDriver: chrome on WINDOWS (adf5a42d5e8ac1af6267a34c432cd9ed)] -> xpath: //div[@class='header-menu']//ul/child::*], [[ChromeDriver: chrome on WINDOWS (adf5a42d5e8ac1af6267a34c432cd9ed)] -> xpath: //div[@class='header-menu']//ul/child::*], [[ChromeDriver: chrome on WINDOWS (adf5a42d5e8ac1af6267a34c432cd9ed)] -> xpath: //div[@class='header-menu']//ul/child::*], [[ChromeDriver: chrome on WINDOWS (adf5a42d5e8ac1af6267a34c432cd9ed)] -> xpath: //div[@class='header-menu']//ul/child::*], [[ChromeDriver: chrome on WINDOWS (adf5a42d5e8ac1af6267a34c432cd9ed)] -> xpath: //div[@class='header-menu']//ul/child::*], [[ChromeDriver: chrome on WINDOWS (adf5a42d5e8ac1af6267a34c432cd9ed)] -> xpath: //div[@class='header-menu']//ul/child::*], [[ChromeDriver: chrome on WINDOWS (adf5a42d5e8ac1af6267a34c432cd9ed)] -> xpath: //div[@class='header-menu']//ul/child::*], [[ChromeDriver: chrome on WINDOWS (adf5a42d5e8ac1af6267a34c432cd9ed)] -> xpath: //div[@class='header-menu']//ul/child::*], [[ChromeDriver: chrome on WINDOWS (adf5a42d5e8ac1af6267a34c432cd9ed)] -> xpath: //div[@class='header-menu']//ul/child::*], [[ChromeDriver: chrome on WINDOWS (adf5a42d5e8ac1af6267a34c432cd9ed)] -> xpath: //div[@class='header-menu']//ul/child::*], [[ChromeDriver: chrome on WINDOWS (adf5a42d5e8ac1af6267a34c432cd9ed)] -> xpath: //div[@class='header-menu']//ul/child::*], [[ChromeDriver: chrome on WINDOWS (adf5a42d5e8ac1af6267a34c432cd9ed)] -> xpath: //div[@class='header-menu']//ul/child::*], [[ChromeDriver: chrome on WINDOWS (adf5a42d5e8ac1af6267a34c432cd9ed)] -> xpath: //div[@class='header-menu']//ul/child::*], [[ChromeDriver: chrome on WINDOWS (adf5a42d5e8ac1af6267a34c432cd9ed)] -> xpath: //div[@class='header-menu']//ul/child::*], [[ChromeDriver: chrome on WINDOWS (adf5a42d5e8ac1af6267a34c432cd9ed)] -> xpath: //div[@class='header-menu']//ul/child::*], [[ChromeDriver: chrome on WINDOWS (adf5a42d5e8ac1af6267a34c432cd9ed)] -> xpath: //div[@class='header-menu']//ul/child::*], [[ChromeDriver: chrome on WINDOWS (adf5a42d5e8ac1af6267a34c432cd9ed)] -> xpath: //div[@class='header-menu']//ul/child::*]]]]>
    </line>
    <line>
      <![CDATA[The menu options are [[[ChromeDriver: chrome on WINDOWS (adf5a42d5e8ac1af6267a34c432cd9ed)] -> xpath: //div[@class='header-menu']//ul/child::*], [[ChromeDriver: chrome on WINDOWS (adf5a42d5e8ac1af6267a34c432cd9ed)] -> xpath: //div[@class='header-menu']//ul/child::*], [[ChromeDriver: chrome on WINDOWS (adf5a42d5e8ac1af6267a34c432cd9ed)] -> xpath: //div[@class='header-menu']//ul/child::*], [[ChromeDriver: chrome on WINDOWS (adf5a42d5e8ac1af6267a34c432cd9ed)] -> xpath: //div[@class='header-menu']//ul/child::*], [[ChromeDriver: chrome on WINDOWS (adf5a42d5e8ac1af6267a34c432cd9ed)] -> xpath: //div[@class='header-menu']//ul/child::*], [[ChromeDriver: chrome on WINDOWS (adf5a42d5e8ac1af6267a34c432cd9ed)] -> xpath: //div[@class='header-menu']//ul/child::*], [[ChromeDriver: chrome on WINDOWS (adf5a42d5e8ac1af6267a34c432cd9ed)] -> xpath: //div[@class='header-menu']//ul/child::*], [[ChromeDriver: chrome on WINDOWS (adf5a42d5e8ac1af6267a34c432cd9ed)] -> xpath: //div[@class='header-menu']//ul/child::*], [[ChromeDriver: chrome on WINDOWS (adf5a42d5e8ac1af6267a34c432cd9ed)] -> xpath: //div[@class='header-menu']//ul/child::*], [[ChromeDriver: chrome on WINDOWS (adf5a42d5e8ac1af6267a34c432cd9ed)] -> xpath: //div[@class='header-menu']//ul/child::*], [[ChromeDriver: chrome on WINDOWS (adf5a42d5e8ac1af6267a34c432cd9ed)] -> xpath: //div[@class='header-menu']//ul/child::*], [[ChromeDriver: chrome on WINDOWS (adf5a42d5e8ac1af6267a34c432cd9ed)] -> xpath: //div[@class='header-menu']//ul/child::*], [[ChromeDriver: chrome on WINDOWS (adf5a42d5e8ac1af6267a34c432cd9ed)] -> xpath: //div[@class='header-menu']//ul/child::*], [[ChromeDriver: chrome on WINDOWS (adf5a42d5e8ac1af6267a34c432cd9ed)] -> xpath: //div[@class='header-menu']//ul/child::*], [[ChromeDriver: chrome on WINDOWS (adf5a42d5e8ac1af6267a34c432cd9ed)] -> xpath: //div[@class='header-menu']//ul/child::*], [[ChromeDriver: chrome on WINDOWS (adf5a42d5e8ac1af6267a34c432cd9ed)] -> xpath: //div[@class='header-menu']//ul/child::*], [[ChromeDriver: chrome on WINDOWS (adf5a42d5e8ac1af6267a34c432cd9ed)] -> xpath: //div[@class='header-menu']//ul/child::*], [[ChromeDriver: chrome on WINDOWS (adf5a42d5e8ac1af6267a34c432cd9ed)] -> xpath: //div[@class='header-menu']//ul/child::*], [[ChromeDriver: chrome on WINDOWS (adf5a42d5e8ac1af6267a34c432cd9ed)] -> xpath: //div[@class='header-menu']//ul/child::*], [[ChromeDriver: chrome on WINDOWS (adf5a42d5e8ac1af6267a34c432cd9ed)] -> xpath: //div[@class='header-menu']//ul/child::*], [[ChromeDriver: chrome on WINDOWS (adf5a42d5e8ac1af6267a34c432cd9ed)] -> xpath: //div[@class='header-menu']//ul/child::*], [[ChromeDriver: chrome on WINDOWS (adf5a42d5e8ac1af6267a34c432cd9ed)] -> xpath: //div[@class='header-menu']//ul/child::*], [[ChromeDriver: chrome on WINDOWS (adf5a42d5e8ac1af6267a34c432cd9ed)] -> xpath: //div[@class='header-menu']//ul/child::*], [[ChromeDriver: chrome on WINDOWS (adf5a42d5e8ac1af6267a34c432cd9ed)] -> xpath: //div[@class='header-menu']//ul/child::*], [[ChromeDriver: chrome on WINDOWS (adf5a42d5e8ac1af6267a34c432cd9ed)] -> xpath: //div[@class='header-menu']//ul/child::*], [[ChromeDriver: chrome on WINDOWS (adf5a42d5e8ac1af6267a34c432cd9ed)] -> xpath: //div[@class='header-menu']//ul/child::*], [[ChromeDriver: chrome on WINDOWS (adf5a42d5e8ac1af6267a34c432cd9ed)] -> xpath: //div[@class='header-menu']//ul/child::*], [[ChromeDriver: chrome on WINDOWS (adf5a42d5e8ac1af6267a34c432cd9ed)] -> xpath: //div[@class='header-menu']//ul/child::*], [[ChromeDriver: chrome on WINDOWS (adf5a42d5e8ac1af6267a34c432cd9ed)] -> xpath: //div[@class='header-menu']//ul/child::*], [[ChromeDriver: chrome on WINDOWS (adf5a42d5e8ac1af6267a34c432cd9ed)] -> xpath: //div[@class='header-menu']//ul/child::*], [[ChromeDriver: chrome on WINDOWS (adf5a42d5e8ac1af6267a34c432cd9ed)] -> xpath: //div[@class='header-menu']//ul/child::*], [[ChromeDriver: chrome on WINDOWS (adf5a42d5e8ac1af6267a34c432cd9ed)] -> xpath: //div[@class='header-menu']//ul/child::*]]]]>
    </line>
    <line>
      <![CDATA[The page title are [[ChromeDriver: chrome on WINDOWS (adf5a42d5e8ac1af6267a34c432cd9ed)] -> xpath: //div[@class='page-title']]]]>
    </line>
    <line>
      <![CDATA[Click on List view[[ChromeDriver: chrome on WINDOWS (adf5a42d5e8ac1af6267a34c432cd9ed)] -> xpath: //a[contains(text(),'List')]]]]>
    </line>
    <line>
      <![CDATA[Click on Nokia Lumia[[ChromeDriver: chrome on WINDOWS (adf5a42d5e8ac1af6267a34c432cd9ed)] -> xpath: //a[contains(text(),'Nokia Lumia 1020')]]]]>
    </line>
    <line>
      <![CDATA[The product [[ChromeDriver: chrome on WINDOWS (adf5a42d5e8ac1af6267a34c432cd9ed)] -> xpath: //div[@class='product-name']/h1]]]>
    </line>
    <line>
      <![CDATA[The price is [[ChromeDriver: chrome on WINDOWS (adf5a42d5e8ac1af6267a34c432cd9ed)] -> xpath: //div[@class='product-price']]]]>
    </line>
    <line>
      <![CDATA[Click quantity field [[ChromeDriver: chrome on WINDOWS (adf5a42d5e8ac1af6267a34c432cd9ed)] -> id: product_enteredQuantity_20]]]>
    </line>
    <line>
      <![CDATA[Click on add card button [[ChromeDriver: chrome on WINDOWS (adf5a42d5e8ac1af6267a34c432cd9ed)] -> xpath: //button[@class='button-1 add-to-cart-button']]]]>
    </line>
    <line>
      <![CDATA[The Message after Adding to cart is [[ChromeDriver: chrome on WINDOWS (adf5a42d5e8ac1af6267a34c432cd9ed)] -> xpath: //body/div[@id='bar-notification']/div[1]/p[1]]]]>
    </line>
    <line>
      <![CDATA[Click on close Button on Message [[ChromeDriver: chrome on WINDOWS (adf5a42d5e8ac1af6267a34c432cd9ed)] -> xpath: //div[@id='bar-notification']/div[1]/span[1]]]]>
    </line>
    <line>
      <![CDATA[Click on Shopping cart link [[ChromeDriver: chrome on WINDOWS (adf5a42d5e8ac1af6267a34c432cd9ed)] -> xpath: //span[contains(text(),'Shopping cart')]]]]>
    </line>
    <line>
      <![CDATA[Click on Go to Cart [[ChromeDriver: chrome on WINDOWS (adf5a42d5e8ac1af6267a34c432cd9ed)] -> xpath: //button[contains(text(),'Go to cart')]]]]>
    </line>
    <line>
      <![CDATA[The shopping cart text [[ChromeDriver: chrome on WINDOWS (adf5a42d5e8ac1af6267a34c432cd9ed)] -> xpath: //div[@class='page-title']]]]>
    </line>
    <line>
      <![CDATA[Quantity is [[ChromeDriver: chrome on WINDOWS (adf5a42d5e8ac1af6267a34c432cd9ed)] -> xpath: //td[@class='quantity']/input]]]>
    </line>
    <line>
      <![CDATA[The total price is [[ChromeDriver: chrome on WINDOWS (adf5a42d5e8ac1af6267a34c432cd9ed)] -> xpath: //span[@class='value-summary'][1]/strong]]]>
    </line>
    <line>
      <![CDATA[Click on erm and conditions box[[ChromeDriver: chrome on WINDOWS (adf5a42d5e8ac1af6267a34c432cd9ed)] -> id: termsofservice]]]>
    </line>
    <line>
      <![CDATA[Click on checkout button [[ChromeDriver: chrome on WINDOWS (adf5a42d5e8ac1af6267a34c432cd9ed)] -> name: checkout]]]>
    </line>
    <line>
      <![CDATA[The Welcome text [[ChromeDriver: chrome on WINDOWS (adf5a42d5e8ac1af6267a34c432cd9ed)] -> xpath: //h1[contains(text(),'Welcome, Please Sign In!')]]]]>
    </line>
    <line>
      <![CDATA[Click on Register Button [[ChromeDriver: chrome on WINDOWS (adf5a42d5e8ac1af6267a34c432cd9ed)] -> xpath: //button[@class='button-1 register-button']]]]>
    </line>
    <line>
      <![CDATA[The Register Page text [[ChromeDriver: chrome on WINDOWS (adf5a42d5e8ac1af6267a34c432cd9ed)] -> xpath: //h1[contains(text(),'Register')]]]]>
    </line>
    <line>
      <![CDATA[Select Gender ]]>
    </line>
    <line>
      <![CDATA[Enter user first name Jhonny to firstname field [[ChromeDriver: chrome on WINDOWS (adf5a42d5e8ac1af6267a34c432cd9ed)] -> id: FirstName]]]>
    </line>
    <line>
      <![CDATA[Enter user last name Bravo to lastname field [[ChromeDriver: chrome on WINDOWS (adf5a42d5e8ac1af6267a34c432cd9ed)] -> id: LastName]]]>
    </line>
    <line>
      <![CDATA[Select Day of Birth [[ChromeDriver: chrome on WINDOWS (adf5a42d5e8ac1af6267a34c432cd9ed)] -> xpath: //select[@name='DateOfBirthDay']]]]>
    </line>
    <line>
      <![CDATA[Select Month of Birth [[ChromeDriver: chrome on WINDOWS (adf5a42d5e8ac1af6267a34c432cd9ed)] -> xpath: //select[@name='DateOfBirthMonth']]]]>
    </line>
    <line>
      <![CDATA[Select Month of Birth [[ChromeDriver: chrome on WINDOWS (adf5a42d5e8ac1af6267a34c432cd9ed)] -> xpath: //select[@name='DateOfBirthYear']]]]>
    </line>
    <line>
      <![CDATA[Enter user email jhonny to Email field [[ChromeDriver: chrome on WINDOWS (adf5a42d5e8ac1af6267a34c432cd9ed)] -> id: Email]]]>
    </line>
    <line>
      <![CDATA[Enter Password bravo123 to password field [[ChromeDriver: chrome on WINDOWS (adf5a42d5e8ac1af6267a34c432cd9ed)] -> id: Password]]]>
    </line>
    <line>
      <![CDATA[Enter Password again bravo123 to Confirm Password field [[ChromeDriver: chrome on WINDOWS (adf5a42d5e8ac1af6267a34c432cd9ed)] -> id: ConfirmPassword]]]>
    </line>
    <line>
      <![CDATA[Click On Register [[ChromeDriver: chrome on WINDOWS (adf5a42d5e8ac1af6267a34c432cd9ed)] -> xpath: //button[@id='register-button']]]]>
    </line>
    <line>
      <![CDATA[The Registration successful text [[ChromeDriver: chrome on WINDOWS (adf5a42d5e8ac1af6267a34c432cd9ed)] -> xpath: //div[contains(text(),'Your registration completed')]]]]>
    </line>
    <line>
      <![CDATA[Click on Continue Button After Registration is Successful [[ChromeDriver: chrome on WINDOWS (adf5a42d5e8ac1af6267a34c432cd9ed)] -> xpath: //a[contains(text(),'Continue')]]]]>
    </line>
    <line>
      <![CDATA[The shopping cart text [[ChromeDriver: chrome on WINDOWS (adf5a42d5e8ac1af6267a34c432cd9ed)] -> xpath: //div[@class='page-title']]]]>
    </line>
    <line>
      <![CDATA[Click on erm and conditions box[[ChromeDriver: chrome on WINDOWS (adf5a42d5e8ac1af6267a34c432cd9ed)] -> id: termsofservice]]]>
    </line>
    <line>
      <![CDATA[Click on checkout button [[ChromeDriver: chrome on WINDOWS (adf5a42d5e8ac1af6267a34c432cd9ed)] -> name: checkout]]]>
    </line>
    <line>
      <![CDATA[Select a country[[ChromeDriver: chrome on WINDOWS (adf5a42d5e8ac1af6267a34c432cd9ed)] -> xpath: //select[@id='BillingNewAddress_CountryId']]]]>
    </line>
    <line>
      <![CDATA[Enter city name Bolton to City field [[ChromeDriver: chrome on WINDOWS (adf5a42d5e8ac1af6267a34c432cd9ed)] -> name: BillingNewAddress.City]]]>
    </line>
    <line>
      <![CDATA[Enter Address 1 London Road to Address field [[ChromeDriver: chrome on WINDOWS (adf5a42d5e8ac1af6267a34c432cd9ed)] -> id: BillingNewAddress_Address1]]]>
    </line>
    <line>
      <![CDATA[Enter postcode BB1 BB2 to Postcode field [[ChromeDriver: chrome on WINDOWS (adf5a42d5e8ac1af6267a34c432cd9ed)] -> id: BillingNewAddress_ZipPostalCode]]]>
    </line>
    <line>
      <![CDATA[Enter telephone number 087654676634 to Telephone Number field [[ChromeDriver: chrome on WINDOWS (adf5a42d5e8ac1af6267a34c432cd9ed)] -> id: BillingNewAddress_PhoneNumber]]]>
    </line>
    <line>
      <![CDATA[Clicking on continue Button [[ChromeDriver: chrome on WINDOWS (adf5a42d5e8ac1af6267a34c432cd9ed)] -> name: save]]]>
    </line>
    <line>
      <![CDATA[Click on Second Day Air Delivery Button [[ChromeDriver: chrome on WINDOWS (adf5a42d5e8ac1af6267a34c432cd9ed)] -> id: shippingoption_2]]]>
    </line>
    <line>
      <![CDATA[Click on continue Button on delivery section [[ChromeDriver: chrome on WINDOWS (adf5a42d5e8ac1af6267a34c432cd9ed)] -> xpath: //button[@class ='button-1 shipping-method-next-step-button']]]]>
    </line>
    <line>
      <![CDATA[Clicking on Credit Card Payment Button [[ChromeDriver: chrome on WINDOWS (adf5a42d5e8ac1af6267a34c432cd9ed)] -> id: paymentmethod_1]]]>
    </line>
    <line>
      <![CDATA[Click on continue Button on payment method [[ChromeDriver: chrome on WINDOWS (adf5a42d5e8ac1af6267a34c432cd9ed)] -> xpath: //button[@class='button-1 payment-method-next-step-button']]]]>
    </line>
    <line>
      <![CDATA[Select Credit [[ChromeDriver: chrome on WINDOWS (adf5a42d5e8ac1af6267a34c432cd9ed)] -> id: CreditCardType]]]>
    </line>
    <line>
      <![CDATA[Enter cardholder name JHonny to Cardholder Name field [[ChromeDriver: chrome on WINDOWS (adf5a42d5e8ac1af6267a34c432cd9ed)] -> xpath: //input[@id='CardholderName']]]]>
    </line>
    <line>
      <![CDATA[Enter card number 5555555555554444 to Telephone Number field [[ChromeDriver: chrome on WINDOWS (adf5a42d5e8ac1af6267a34c432cd9ed)] -> xpath: //input[@id='CardholderName']]]]>
    </line>
    <line>
      <![CDATA[Enter expiry month 5 to Telephone Number field [[ChromeDriver: chrome on WINDOWS (adf5a42d5e8ac1af6267a34c432cd9ed)] -> xpath: //select[@id='ExpireMonth']]]]>
    </line>
    <line>
      <![CDATA[Enter expiry year 2024 to Telephone Number field [[ChromeDriver: chrome on WINDOWS (adf5a42d5e8ac1af6267a34c432cd9ed)] -> xpath: //select[@id='ExpireYear']]]]>
    </line>
    <line>
      <![CDATA[Enter card code number 123 to Telephone Number field [[ChromeDriver: chrome on WINDOWS (adf5a42d5e8ac1af6267a34c432cd9ed)] -> xpath: //input[@id='CardCode']]]]>
    </line>
    <line>
      <![CDATA[Click on continue Button on card section [[ChromeDriver: chrome on WINDOWS (adf5a42d5e8ac1af6267a34c432cd9ed)] -> xpath: //button[@class='button-1 payment-info-next-step-button']]]]>
    </line>
    <line>
      <![CDATA[The payment method text [[ChromeDriver: chrome on WINDOWS (adf5a42d5e8ac1af6267a34c432cd9ed)] -> xpath: //li[@class='payment-method']]]]>
    </line>
    <line>
      <![CDATA[The delivery method text [[ChromeDriver: chrome on WINDOWS (adf5a42d5e8ac1af6267a34c432cd9ed)] -> xpath: //li[@class='shipping-method']]]]>
    </line>
    <line>
      <![CDATA[The total price text [[ChromeDriver: chrome on WINDOWS (adf5a42d5e8ac1af6267a34c432cd9ed)] -> xpath: //tr[@class='order-total']/td[2]]]]>
    </line>
    <line>
      <![CDATA[Click on confirm Button [[ChromeDriver: chrome on WINDOWS (adf5a42d5e8ac1af6267a34c432cd9ed)] -> xpath: //button[@class='button-1 confirm-order-next-step-button']]]]>
    </line>
    <line>
      <![CDATA[The thank you text [[ChromeDriver: chrome on WINDOWS (adf5a42d5e8ac1af6267a34c432cd9ed)] -> xpath: //h1[contains(text(),'Thank you')]]]]>
    </line>
    <line>
      <![CDATA[The order process Successful text [[ChromeDriver: chrome on WINDOWS (adf5a42d5e8ac1af6267a34c432cd9ed)] -> xpath: //strong[contains(text(),'Your order has been successfully processed!')]]]]>
    </line>
    <line>
      <![CDATA[Click on continue Button after thank you [[ChromeDriver: chrome on WINDOWS (adf5a42d5e8ac1af6267a34c432cd9ed)] -> xpath: //button[@class='button-1 order-completed-continue-button']]]]>
    </line>
    <line>
      <![CDATA[The welcome text [[ChromeDriver: chrome on WINDOWS (adf5a42d5e8ac1af6267a34c432cd9ed)] -> xpath: //h2[contains(text(),'Welcome to our store')]]]]>
    </line>
    <line>
      <![CDATA[Click on logout link [[ChromeDriver: chrome on WINDOWS (adf5a42d5e8ac1af6267a34c432cd9ed)] -> xpath: //a[contains(text(),'Log out')]]]]>
    </line>
    <line>
      <![CDATA[The url is ]]>
    </line>
    <line>
      <![CDATA[Click to see screenshot]]>
    </line>
    <line>
      <![CDATA[<a target = "_blank" href=C:\Users\nik_7\IdeaProjects\project1-nopcommerece-pagefactory-nauman/test-output/html/verifyThatTheProductAddedSuccessfullyAndPlaceOrderSuccessfullyTue_Dec_13_22_19_24_GMT_2022.jpg>Screenshot</a>]]>
    </line>
    <line>
      <![CDATA[<br>]]>
    </line>
    <line>
      <![CDATA[<br>]]>
    </line>
    <line>
      <![CDATA[<a target = "_blank" href=C:\Users\nik_7\IdeaProjects\project1-nopcommerece-pagefactory-nauman/test-output/html/verifyThatTheProductAddedSuccessfullyAndPlaceOrderSuccessfullyTue_Dec_13_22_19_24_GMT_2022.jpg><img src=C:\Users\nik_7\IdeaProjects\project1-nopcommerece-pagefactory-nauman/test-output/html/verifyThatTheProductAddedSuccessfullyAndPlaceOrderSuccessfullyTue_Dec_13_22_19_24_GMT_2022.jpg height=200 width=200></img></a>]]>
    </line>
    <line>
      <![CDATA[The menu options are[[[ChromeDriver: chrome on WINDOWS (b9808e9007c7bf029924b0789c3ead6a)] -> xpath: //div[@class='header-menu']//ul/child::*], [[ChromeDriver: chrome on WINDOWS (b9808e9007c7bf029924b0789c3ead6a)] -> xpath: //div[@class='header-menu']//ul/child::*], [[ChromeDriver: chrome on WINDOWS (b9808e9007c7bf029924b0789c3ead6a)] -> xpath: //div[@class='header-menu']//ul/child::*], [[ChromeDriver: chrome on WINDOWS (b9808e9007c7bf029924b0789c3ead6a)] -> xpath: //div[@class='header-menu']//ul/child::*], [[ChromeDriver: chrome on WINDOWS (b9808e9007c7bf029924b0789c3ead6a)] -> xpath: //div[@class='header-menu']//ul/child::*], [[ChromeDriver: chrome on WINDOWS (b9808e9007c7bf029924b0789c3ead6a)] -> xpath: //div[@class='header-menu']//ul/child::*], [[ChromeDriver: chrome on WINDOWS (b9808e9007c7bf029924b0789c3ead6a)] -> xpath: //div[@class='header-menu']//ul/child::*], [[ChromeDriver: chrome on WINDOWS (b9808e9007c7bf029924b0789c3ead6a)] -> xpath: //div[@class='header-menu']//ul/child::*], [[ChromeDriver: chrome on WINDOWS (b9808e9007c7bf029924b0789c3ead6a)] -> xpath: //div[@class='header-menu']//ul/child::*], [[ChromeDriver: chrome on WINDOWS (b9808e9007c7bf029924b0789c3ead6a)] -> xpath: //div[@class='header-menu']//ul/child::*], [[ChromeDriver: chrome on WINDOWS (b9808e9007c7bf029924b0789c3ead6a)] -> xpath: //div[@class='header-menu']//ul/child::*], [[ChromeDriver: chrome on WINDOWS (b9808e9007c7bf029924b0789c3ead6a)] -> xpath: //div[@class='header-menu']//ul/child::*], [[ChromeDriver: chrome on WINDOWS (b9808e9007c7bf029924b0789c3ead6a)] -> xpath: //div[@class='header-menu']//ul/child::*], [[ChromeDriver: chrome on WINDOWS (b9808e9007c7bf029924b0789c3ead6a)] -> xpath: //div[@class='header-menu']//ul/child::*], [[ChromeDriver: chrome on WINDOWS (b9808e9007c7bf029924b0789c3ead6a)] -> xpath: //div[@class='header-menu']//ul/child::*], [[ChromeDriver: chrome on WINDOWS (b9808e9007c7bf029924b0789c3ead6a)] -> xpath: //div[@class='header-menu']//ul/child::*], [[ChromeDriver: chrome on WINDOWS (b9808e9007c7bf029924b0789c3ead6a)] -> xpath: //div[@class='header-menu']//ul/child::*], [[ChromeDriver: chrome on WINDOWS (b9808e9007c7bf029924b0789c3ead6a)] -> xpath: //div[@class='header-menu']//ul/child::*], [[ChromeDriver: chrome on WINDOWS (b9808e9007c7bf029924b0789c3ead6a)] -> xpath: //div[@class='header-menu']//ul/child::*], [[ChromeDriver: chrome on WINDOWS (b9808e9007c7bf029924b0789c3ead6a)] -> xpath: //div[@class='header-menu']//ul/child::*], [[ChromeDriver: chrome on WINDOWS (b9808e9007c7bf029924b0789c3ead6a)] -> xpath: //div[@class='header-menu']//ul/child::*], [[ChromeDriver: chrome on WINDOWS (b9808e9007c7bf029924b0789c3ead6a)] -> xpath: //div[@class='header-menu']//ul/child::*], [[ChromeDriver: chrome on WINDOWS (b9808e9007c7bf029924b0789c3ead6a)] -> xpath: //div[@class='header-menu']//ul/child::*], [[ChromeDriver: chrome on WINDOWS (b9808e9007c7bf029924b0789c3ead6a)] -> xpath: //div[@class='header-menu']//ul/child::*], [[ChromeDriver: chrome on WINDOWS (b9808e9007c7bf029924b0789c3ead6a)] -> xpath: //div[@class='header-menu']//ul/child::*], [[ChromeDriver: chrome on WINDOWS (b9808e9007c7bf029924b0789c3ead6a)] -> xpath: //div[@class='header-menu']//ul/child::*], [[ChromeDriver: chrome on WINDOWS (b9808e9007c7bf029924b0789c3ead6a)] -> xpath: //div[@class='header-menu']//ul/child::*], [[ChromeDriver: chrome on WINDOWS (b9808e9007c7bf029924b0789c3ead6a)] -> xpath: //div[@class='header-menu']//ul/child::*], [[ChromeDriver: chrome on WINDOWS (b9808e9007c7bf029924b0789c3ead6a)] -> xpath: //div[@class='header-menu']//ul/child::*], [[ChromeDriver: chrome on WINDOWS (b9808e9007c7bf029924b0789c3ead6a)] -> xpath: //div[@class='header-menu']//ul/child::*], [[ChromeDriver: chrome on WINDOWS (b9808e9007c7bf029924b0789c3ead6a)] -> xpath: //div[@class='header-menu']//ul/child::*], [[ChromeDriver: chrome on WINDOWS (b9808e9007c7bf029924b0789c3ead6a)] -> xpath: //div[@class='header-menu']//ul/child::*]]]]>
    </line>
    <line>
      <![CDATA[The menu options are [[[ChromeDriver: chrome on WINDOWS (b9808e9007c7bf029924b0789c3ead6a)] -> xpath: //div[@class='header-menu']//ul/child::*], [[ChromeDriver: chrome on WINDOWS (b9808e9007c7bf029924b0789c3ead6a)] -> xpath: //div[@class='header-menu']//ul/child::*], [[ChromeDriver: chrome on WINDOWS (b9808e9007c7bf029924b0789c3ead6a)] -> xpath: //div[@class='header-menu']//ul/child::*], [[ChromeDriver: chrome on WINDOWS (b9808e9007c7bf029924b0789c3ead6a)] -> xpath: //div[@class='header-menu']//ul/child::*], [[ChromeDriver: chrome on WINDOWS (b9808e9007c7bf029924b0789c3ead6a)] -> xpath: //div[@class='header-menu']//ul/child::*], [[ChromeDriver: chrome on WINDOWS (b9808e9007c7bf029924b0789c3ead6a)] -> xpath: //div[@class='header-menu']//ul/child::*], [[ChromeDriver: chrome on WINDOWS (b9808e9007c7bf029924b0789c3ead6a)] -> xpath: //div[@class='header-menu']//ul/child::*], [[ChromeDriver: chrome on WINDOWS (b9808e9007c7bf029924b0789c3ead6a)] -> xpath: //div[@class='header-menu']//ul/child::*], [[ChromeDriver: chrome on WINDOWS (b9808e9007c7bf029924b0789c3ead6a)] -> xpath: //div[@class='header-menu']//ul/child::*], [[ChromeDriver: chrome on WINDOWS (b9808e9007c7bf029924b0789c3ead6a)] -> xpath: //div[@class='header-menu']//ul/child::*], [[ChromeDriver: chrome on WINDOWS (b9808e9007c7bf029924b0789c3ead6a)] -> xpath: //div[@class='header-menu']//ul/child::*], [[ChromeDriver: chrome on WINDOWS (b9808e9007c7bf029924b0789c3ead6a)] -> xpath: //div[@class='header-menu']//ul/child::*], [[ChromeDriver: chrome on WINDOWS (b9808e9007c7bf029924b0789c3ead6a)] -> xpath: //div[@class='header-menu']//ul/child::*], [[ChromeDriver: chrome on WINDOWS (b9808e9007c7bf029924b0789c3ead6a)] -> xpath: //div[@class='header-menu']//ul/child::*], [[ChromeDriver: chrome on WINDOWS (b9808e9007c7bf029924b0789c3ead6a)] -> xpath: //div[@class='header-menu']//ul/child::*], [[ChromeDriver: chrome on WINDOWS (b9808e9007c7bf029924b0789c3ead6a)] -> xpath: //div[@class='header-menu']//ul/child::*], [[ChromeDriver: chrome on WINDOWS (b9808e9007c7bf029924b0789c3ead6a)] -> xpath: //div[@class='header-menu']//ul/child::*], [[ChromeDriver: chrome on WINDOWS (b9808e9007c7bf029924b0789c3ead6a)] -> xpath: //div[@class='header-menu']//ul/child::*], [[ChromeDriver: chrome on WINDOWS (b9808e9007c7bf029924b0789c3ead6a)] -> xpath: //div[@class='header-menu']//ul/child::*], [[ChromeDriver: chrome on WINDOWS (b9808e9007c7bf029924b0789c3ead6a)] -> xpath: //div[@class='header-menu']//ul/child::*], [[ChromeDriver: chrome on WINDOWS (b9808e9007c7bf029924b0789c3ead6a)] -> xpath: //div[@class='header-menu']//ul/child::*], [[ChromeDriver: chrome on WINDOWS (b9808e9007c7bf029924b0789c3ead6a)] -> xpath: //div[@class='header-menu']//ul/child::*], [[ChromeDriver: chrome on WINDOWS (b9808e9007c7bf029924b0789c3ead6a)] -> xpath: //div[@class='header-menu']//ul/child::*], [[ChromeDriver: chrome on WINDOWS (b9808e9007c7bf029924b0789c3ead6a)] -> xpath: //div[@class='header-menu']//ul/child::*], [[ChromeDriver: chrome on WINDOWS (b9808e9007c7bf029924b0789c3ead6a)] -> xpath: //div[@class='header-menu']//ul/child::*], [[ChromeDriver: chrome on WINDOWS (b9808e9007c7bf029924b0789c3ead6a)] -> xpath: //div[@class='header-menu']//ul/child::*], [[ChromeDriver: chrome on WINDOWS (b9808e9007c7bf029924b0789c3ead6a)] -> xpath: //div[@class='header-menu']//ul/child::*], [[ChromeDriver: chrome on WINDOWS (b9808e9007c7bf029924b0789c3ead6a)] -> xpath: //div[@class='header-menu']//ul/child::*], [[ChromeDriver: chrome on WINDOWS (b9808e9007c7bf029924b0789c3ead6a)] -> xpath: //div[@class='header-menu']//ul/child::*], [[ChromeDriver: chrome on WINDOWS (b9808e9007c7bf029924b0789c3ead6a)] -> xpath: //div[@class='header-menu']//ul/child::*], [[ChromeDriver: chrome on WINDOWS (b9808e9007c7bf029924b0789c3ead6a)] -> xpath: //div[@class='header-menu']//ul/child::*], [[ChromeDriver: chrome on WINDOWS (b9808e9007c7bf029924b0789c3ead6a)] -> xpath: //div[@class='header-menu']//ul/child::*]]]]>
    </line>
    <line>
      <![CDATA[The page title are [[ChromeDriver: chrome on WINDOWS (b9808e9007c7bf029924b0789c3ead6a)] -> xpath: //div[@class='page-title']]]]>
    </line>
    <line>
      <![CDATA[Click to see screenshot]]>
    </line>
    <line>
      <![CDATA[<a target = "_blank" href=C:\Users\nik_7\IdeaProjects\project1-nopcommerece-pagefactory-nauman/test-output/html/verifyUserShouldNavigateToCellPhonesPageSuccessfullyTue_Dec_13_22_19_28_GMT_2022.jpg>Screenshot</a>]]>
    </line>
    <line>
      <![CDATA[<br>]]>
    </line>
    <line>
      <![CDATA[<br>]]>
    </line>
    <line>
      <![CDATA[<a target = "_blank" href=C:\Users\nik_7\IdeaProjects\project1-nopcommerece-pagefactory-nauman/test-output/html/verifyUserShouldNavigateToCellPhonesPageSuccessfullyTue_Dec_13_22_19_28_GMT_2022.jpg><img src=C:\Users\nik_7\IdeaProjects\project1-nopcommerece-pagefactory-nauman/test-output/html/verifyUserShouldNavigateToCellPhonesPageSuccessfullyTue_Dec_13_22_19_28_GMT_2022.jpg height=200 width=200></img></a>]]>
    </line>
    <line>
      <![CDATA[The menu options are [[[ChromeDriver: chrome on WINDOWS (48b97708ba680d7cbbfc60d1580d0d25)] -> xpath: //div[@class='header-menu']//ul/child::*], [[ChromeDriver: chrome on WINDOWS (48b97708ba680d7cbbfc60d1580d0d25)] -> xpath: //div[@class='header-menu']//ul/child::*], [[ChromeDriver: chrome on WINDOWS (48b97708ba680d7cbbfc60d1580d0d25)] -> xpath: //div[@class='header-menu']//ul/child::*], [[ChromeDriver: chrome on WINDOWS (48b97708ba680d7cbbfc60d1580d0d25)] -> xpath: //div[@class='header-menu']//ul/child::*], [[ChromeDriver: chrome on WINDOWS (48b97708ba680d7cbbfc60d1580d0d25)] -> xpath: //div[@class='header-menu']//ul/child::*], [[ChromeDriver: chrome on WINDOWS (48b97708ba680d7cbbfc60d1580d0d25)] -> xpath: //div[@class='header-menu']//ul/child::*], [[ChromeDriver: chrome on WINDOWS (48b97708ba680d7cbbfc60d1580d0d25)] -> xpath: //div[@class='header-menu']//ul/child::*], [[ChromeDriver: chrome on WINDOWS (48b97708ba680d7cbbfc60d1580d0d25)] -> xpath: //div[@class='header-menu']//ul/child::*], [[ChromeDriver: chrome on WINDOWS (48b97708ba680d7cbbfc60d1580d0d25)] -> xpath: //div[@class='header-menu']//ul/child::*], [[ChromeDriver: chrome on WINDOWS (48b97708ba680d7cbbfc60d1580d0d25)] -> xpath: //div[@class='header-menu']//ul/child::*], [[ChromeDriver: chrome on WINDOWS (48b97708ba680d7cbbfc60d1580d0d25)] -> xpath: //div[@class='header-menu']//ul/child::*], [[ChromeDriver: chrome on WINDOWS (48b97708ba680d7cbbfc60d1580d0d25)] -> xpath: //div[@class='header-menu']//ul/child::*], [[ChromeDriver: chrome on WINDOWS (48b97708ba680d7cbbfc60d1580d0d25)] -> xpath: //div[@class='header-menu']//ul/child::*], [[ChromeDriver: chrome on WINDOWS (48b97708ba680d7cbbfc60d1580d0d25)] -> xpath: //div[@class='header-menu']//ul/child::*], [[ChromeDriver: chrome on WINDOWS (48b97708ba680d7cbbfc60d1580d0d25)] -> xpath: //div[@class='header-menu']//ul/child::*], [[ChromeDriver: chrome on WINDOWS (48b97708ba680d7cbbfc60d1580d0d25)] -> xpath: //div[@class='header-menu']//ul/child::*], [[ChromeDriver: chrome on WINDOWS (48b97708ba680d7cbbfc60d1580d0d25)] -> xpath: //div[@class='header-menu']//ul/child::*], [[ChromeDriver: chrome on WINDOWS (48b97708ba680d7cbbfc60d1580d0d25)] -> xpath: //div[@class='header-menu']//ul/child::*], [[ChromeDriver: chrome on WINDOWS (48b97708ba680d7cbbfc60d1580d0d25)] -> xpath: //div[@class='header-menu']//ul/child::*], [[ChromeDriver: chrome on WINDOWS (48b97708ba680d7cbbfc60d1580d0d25)] -> xpath: //div[@class='header-menu']//ul/child::*], [[ChromeDriver: chrome on WINDOWS (48b97708ba680d7cbbfc60d1580d0d25)] -> xpath: //div[@class='header-menu']//ul/child::*], [[ChromeDriver: chrome on WINDOWS (48b97708ba680d7cbbfc60d1580d0d25)] -> xpath: //div[@class='header-menu']//ul/child::*], [[ChromeDriver: chrome on WINDOWS (48b97708ba680d7cbbfc60d1580d0d25)] -> xpath: //div[@class='header-menu']//ul/child::*], [[ChromeDriver: chrome on WINDOWS (48b97708ba680d7cbbfc60d1580d0d25)] -> xpath: //div[@class='header-menu']//ul/child::*], [[ChromeDriver: chrome on WINDOWS (48b97708ba680d7cbbfc60d1580d0d25)] -> xpath: //div[@class='header-menu']//ul/child::*], [[ChromeDriver: chrome on WINDOWS (48b97708ba680d7cbbfc60d1580d0d25)] -> xpath: //div[@class='header-menu']//ul/child::*], [[ChromeDriver: chrome on WINDOWS (48b97708ba680d7cbbfc60d1580d0d25)] -> xpath: //div[@class='header-menu']//ul/child::*], [[ChromeDriver: chrome on WINDOWS (48b97708ba680d7cbbfc60d1580d0d25)] -> xpath: //div[@class='header-menu']//ul/child::*], [[ChromeDriver: chrome on WINDOWS (48b97708ba680d7cbbfc60d1580d0d25)] -> xpath: //div[@class='header-menu']//ul/child::*], [[ChromeDriver: chrome on WINDOWS (48b97708ba680d7cbbfc60d1580d0d25)] -> xpath: //div[@class='header-menu']//ul/child::*], [[ChromeDriver: chrome on WINDOWS (48b97708ba680d7cbbfc60d1580d0d25)] -> xpath: //div[@class='header-menu']//ul/child::*], [[ChromeDriver: chrome on WINDOWS (48b97708ba680d7cbbfc60d1580d0d25)] -> xpath: //div[@class='header-menu']//ul/child::*]]]]>
    </line>
    <line>
      <![CDATA[The Category List is [[[ChromeDriver: chrome on WINDOWS (48b97708ba680d7cbbfc60d1580d0d25)] -> xpath: //div[@class='item-grid']/child::*], [[ChromeDriver: chrome on WINDOWS (48b97708ba680d7cbbfc60d1580d0d25)] -> xpath: //div[@class='item-grid']/child::*], [[ChromeDriver: chrome on WINDOWS (48b97708ba680d7cbbfc60d1580d0d25)] -> xpath: //div[@class='item-grid']/child::*]]]]>
    </line>
    <line>
      <![CDATA[Select Sort By[[ChromeDriver: chrome on WINDOWS (48b97708ba680d7cbbfc60d1580d0d25)] -> xpath: //select[@id='products-orderby']]]]>
    </line>
    <line>
      <![CDATA[Product List[[[ChromeDriver: chrome on WINDOWS (48b97708ba680d7cbbfc60d1580d0d25)] -> xpath: //div[@class='item-grid']/div//h2], [[ChromeDriver: chrome on WINDOWS (48b97708ba680d7cbbfc60d1580d0d25)] -> xpath: //div[@class='item-grid']/div//h2], [[ChromeDriver: chrome on WINDOWS (48b97708ba680d7cbbfc60d1580d0d25)] -> xpath: //div[@class='item-grid']/div//h2]]]]>
    </line>
    <line>
      <![CDATA[List of Products after sorting[[[ChromeDriver: chrome on WINDOWS (48b97708ba680d7cbbfc60d1580d0d25)] -> xpath: //div[@class='item-grid']/div//h2], [[ChromeDriver: chrome on WINDOWS (48b97708ba680d7cbbfc60d1580d0d25)] -> xpath: //div[@class='item-grid']/div//h2], [[ChromeDriver: chrome on WINDOWS (48b97708ba680d7cbbfc60d1580d0d25)] -> xpath: //div[@class='item-grid']/div//h2]]]]>
    </line>
    <line>
      <![CDATA[Product List[[[ChromeDriver: chrome on WINDOWS (48b97708ba680d7cbbfc60d1580d0d25)] -> xpath: //div[@class='item-grid']/div//h2], [[ChromeDriver: chrome on WINDOWS (48b97708ba680d7cbbfc60d1580d0d25)] -> xpath: //div[@class='item-grid']/div//h2], [[ChromeDriver: chrome on WINDOWS (48b97708ba680d7cbbfc60d1580d0d25)] -> xpath: //div[@class='item-grid']/div//h2]]]]>
    </line>
    <line>
      <![CDATA[Product List[[[ChromeDriver: chrome on WINDOWS (48b97708ba680d7cbbfc60d1580d0d25)] -> xpath: //div[@class='item-grid']/div//h2], [[ChromeDriver: chrome on WINDOWS (48b97708ba680d7cbbfc60d1580d0d25)] -> xpath: //div[@class='item-grid']/div//h2], [[ChromeDriver: chrome on WINDOWS (48b97708ba680d7cbbfc60d1580d0d25)] -> xpath: //div[@class='item-grid']/div//h2]]]]>
    </line>
    <line>
      <![CDATA[Product List[[[ChromeDriver: chrome on WINDOWS (48b97708ba680d7cbbfc60d1580d0d25)] -> xpath: //div[@class='item-grid']/div//h2], [[ChromeDriver: chrome on WINDOWS (48b97708ba680d7cbbfc60d1580d0d25)] -> xpath: //div[@class='item-grid']/div//h2], [[ChromeDriver: chrome on WINDOWS (48b97708ba680d7cbbfc60d1580d0d25)] -> xpath: //div[@class='item-grid']/div//h2]]]]>
    </line>
    <line>
      <![CDATA[List of Products[[[ChromeDriver: chrome on WINDOWS (48b97708ba680d7cbbfc60d1580d0d25)] -> xpath: //div[@class='product-grid']//child::*], [[ChromeDriver: chrome on WINDOWS (48b97708ba680d7cbbfc60d1580d0d25)] -> xpath: //div[@class='product-grid']//child::*], [[ChromeDriver: chrome on WINDOWS (48b97708ba680d7cbbfc60d1580d0d25)] -> xpath: //div[@class='product-grid']//child::*], [[ChromeDriver: chrome on WINDOWS (48b97708ba680d7cbbfc60d1580d0d25)] -> xpath: //div[@class='product-grid']//child::*], [[ChromeDriver: chrome on WINDOWS (48b97708ba680d7cbbfc60d1580d0d25)] -> xpath: //div[@class='product-grid']//child::*], [[ChromeDriver: chrome on WINDOWS (48b97708ba680d7cbbfc60d1580d0d25)] -> xpath: //div[@class='product-grid']//child::*], [[ChromeDriver: chrome on WINDOWS (48b97708ba680d7cbbfc60d1580d0d25)] -> xpath: //div[@class='product-grid']//child::*], [[ChromeDriver: chrome on WINDOWS (48b97708ba680d7cbbfc60d1580d0d25)] -> xpath: //div[@class='product-grid']//child::*], [[ChromeDriver: chrome on WINDOWS (48b97708ba680d7cbbfc60d1580d0d25)] -> xpath: //div[@class='product-grid']//child::*], [[ChromeDriver: chrome on WINDOWS (48b97708ba680d7cbbfc60d1580d0d25)] -> xpath: //div[@class='product-grid']//child::*], [[ChromeDriver: chrome on WINDOWS (48b97708ba680d7cbbfc60d1580d0d25)] -> xpath: //div[@class='product-grid']//child::*], [[ChromeDriver: chrome on WINDOWS (48b97708ba680d7cbbfc60d1580d0d25)] -> xpath: //div[@class='product-grid']//child::*], [[ChromeDriver: chrome on WINDOWS (48b97708ba680d7cbbfc60d1580d0d25)] -> xpath: //div[@class='product-grid']//child::*], [[ChromeDriver: chrome on WINDOWS (48b97708ba680d7cbbfc60d1580d0d25)] -> xpath: //div[@class='product-grid']//child::*], [[ChromeDriver: chrome on WINDOWS (48b97708ba680d7cbbfc60d1580d0d25)] -> xpath: //div[@class='product-grid']//child::*], [[ChromeDriver: chrome on WINDOWS (48b97708ba680d7cbbfc60d1580d0d25)] -> xpath: //div[@class='product-grid']//child::*], [[ChromeDriver: chrome on WINDOWS (48b97708ba680d7cbbfc60d1580d0d25)] -> xpath: //div[@class='product-grid']//child::*], [[ChromeDriver: chrome on WINDOWS (48b97708ba680d7cbbfc60d1580d0d25)] -> xpath: //div[@class='product-grid']//child::*], [[ChromeDriver: chrome on WINDOWS (48b97708ba680d7cbbfc60d1580d0d25)] -> xpath: //div[@class='product-grid']//child::*], [[ChromeDriver: chrome on WINDOWS (48b97708ba680d7cbbfc60d1580d0d25)] -> xpath: //div[@class='product-grid']//child::*], [[ChromeDriver: chrome on WINDOWS (48b97708ba680d7cbbfc60d1580d0d25)] -> xpath: //div[@class='product-grid']//child::*], [[ChromeDriver: chrome on WINDOWS (48b97708ba680d7cbbfc60d1580d0d25)] -> xpath: //div[@class='product-grid']//child::*], [[ChromeDriver: chrome on WINDOWS (48b97708ba680d7cbbfc60d1580d0d25)] -> xpath: //div[@class='product-grid']//child::*], [[ChromeDriver: chrome on WINDOWS (48b97708ba680d7cbbfc60d1580d0d25)] -> xpath: //div[@class='product-grid']//child::*], [[ChromeDriver: chrome on WINDOWS (48b97708ba680d7cbbfc60d1580d0d25)] -> xpath: //div[@class='product-grid']//child::*], [[ChromeDriver: chrome on WINDOWS (48b97708ba680d7cbbfc60d1580d0d25)] -> xpath: //div[@class='product-grid']//child::*], [[ChromeDriver: chrome on WINDOWS (48b97708ba680d7cbbfc60d1580d0d25)] -> xpath: //div[@class='product-grid']//child::*], [[ChromeDriver: chrome on WINDOWS (48b97708ba680d7cbbfc60d1580d0d25)] -> xpath: //div[@class='product-grid']//child::*], [[ChromeDriver: chrome on WINDOWS (48b97708ba680d7cbbfc60d1580d0d25)] -> xpath: //div[@class='product-grid']//child::*], [[ChromeDriver: chrome on WINDOWS (48b97708ba680d7cbbfc60d1580d0d25)] -> xpath: //div[@class='product-grid']//child::*], [[ChromeDriver: chrome on WINDOWS (48b97708ba680d7cbbfc60d1580d0d25)] -> xpath: //div[@class='product-grid']//child::*], [[ChromeDriver: chrome on WINDOWS (48b97708ba680d7cbbfc60d1580d0d25)] -> xpath: //div[@class='product-grid']//child::*], [[ChromeDriver: chrome on WINDOWS (48b97708ba680d7cbbfc60d1580d0d25)] -> xpath: //div[@class='product-grid']//child::*], [[ChromeDriver: chrome on WINDOWS (48b97708ba680d7cbbfc60d1580d0d25)] -> xpath: //div[@class='product-grid']//child::*], [[ChromeDriver: chrome on WINDOWS (48b97708ba680d7cbbfc60d1580d0d25)] -> xpath: //div[@class='product-grid']//child::*], [[ChromeDriver: chrome on WINDOWS (48b97708ba680d7cbbfc60d1580d0d25)] -> xpath: //div[@class='product-grid']//child::*], [[ChromeDriver: chrome on WINDOWS (48b97708ba680d7cbbfc60d1580d0d25)] -> xpath: //div[@class='product-grid']//child::*], [[ChromeDriver: chrome on WINDOWS (48b97708ba680d7cbbfc60d1580d0d25)] -> xpath: //div[@class='product-grid']//child::*], [[ChromeDriver: chrome on WINDOWS (48b97708ba680d7cbbfc60d1580d0d25)] -> xpath: //div[@class='product-grid']//child::*], [[ChromeDriver: chrome on WINDOWS (48b97708ba680d7cbbfc60d1580d0d25)] -> xpath: //div[@class='product-grid']//child::*], [[ChromeDriver: chrome on WINDOWS (48b97708ba680d7cbbfc60d1580d0d25)] -> xpath: //div[@class='product-grid']//child::*], [[ChromeDriver: chrome on WINDOWS (48b97708ba680d7cbbfc60d1580d0d25)] -> xpath: //div[@class='product-grid']//child::*], [[ChromeDriver: chrome on WINDOWS (48b97708ba680d7cbbfc60d1580d0d25)] -> xpath: //div[@class='product-grid']//child::*], [[ChromeDriver: chrome on WINDOWS (48b97708ba680d7cbbfc60d1580d0d25)] -> xpath: //div[@class='product-grid']//child::*], [[ChromeDriver: chrome on WINDOWS (48b97708ba680d7cbbfc60d1580d0d25)] -> xpath: //div[@class='product-grid']//child::*], [[ChromeDriver: chrome on WINDOWS (48b97708ba680d7cbbfc60d1580d0d25)] -> xpath: //div[@class='product-grid']//child::*], [[ChromeDriver: chrome on WINDOWS (48b97708ba680d7cbbfc60d1580d0d25)] -> xpath: //div[@class='product-grid']//child::*], [[ChromeDriver: chrome on WINDOWS (48b97708ba680d7cbbfc60d1580d0d25)] -> xpath: //div[@class='product-grid']//child::*], [[ChromeDriver: chrome on WINDOWS (48b97708ba680d7cbbfc60d1580d0d25)] -> xpath: //div[@class='product-grid']//child::*], [[ChromeDriver: chrome on WINDOWS (48b97708ba680d7cbbfc60d1580d0d25)] -> xpath: //div[@class='product-grid']//child::*], [[ChromeDriver: chrome on WINDOWS (48b97708ba680d7cbbfc60d1580d0d25)] -> xpath: //div[@class='product-grid']//child::*], [[ChromeDriver: chrome on WINDOWS (48b97708ba680d7cbbfc60d1580d0d25)] -> xpath: //div[@class='product-grid']//child::*], [[ChromeDriver: chrome on WINDOWS (48b97708ba680d7cbbfc60d1580d0d25)] -> xpath: //div[@class='product-grid']//child::*], [[ChromeDriver: chrome on WINDOWS (48b97708ba680d7cbbfc60d1580d0d25)] -> xpath: //div[@class='product-grid']//child::*], [[ChromeDriver: chrome on WINDOWS (48b97708ba680d7cbbfc60d1580d0d25)] -> xpath: //div[@class='product-grid']//child::*], [[ChromeDriver: chrome on WINDOWS (48b97708ba680d7cbbfc60d1580d0d25)] -> xpath: //div[@class='product-grid']//child::*], [[ChromeDriver: chrome on WINDOWS (48b97708ba680d7cbbfc60d1580d0d25)] -> xpath: //div[@class='product-grid']//child::*], [[ChromeDriver: chrome on WINDOWS (48b97708ba680d7cbbfc60d1580d0d25)] -> xpath: //div[@class='product-grid']//child::*]]]]>
    </line>
    <line>
      <![CDATA[The product [[ChromeDriver: chrome on WINDOWS (48b97708ba680d7cbbfc60d1580d0d25)] -> xpath: //div[@class='product-name']/h1]]]>
    </line>
    <line>
      <![CDATA[Select the processor [[ChromeDriver: chrome on WINDOWS (48b97708ba680d7cbbfc60d1580d0d25)] -> xpath: //select[@id='product_attribute_1']]]]>
    </line>
    <line>
      <![CDATA[Select RAM [[ChromeDriver: chrome on WINDOWS (48b97708ba680d7cbbfc60d1580d0d25)] -> xpath: //select[@id='product_attribute_2']]]]>
    </line>
    <line>
      <![CDATA[Select HDD [[ChromeDriver: chrome on WINDOWS (48b97708ba680d7cbbfc60d1580d0d25)] -> id: product_attribute_3_7]]]>
    </line>
    <line>
      <![CDATA[Click on OS Premium [[ChromeDriver: chrome on WINDOWS (48b97708ba680d7cbbfc60d1580d0d25)] -> id: product_attribute_4_9]]]>
    </line>
    <line>
      <![CDATA[Click on Total Commander [[ChromeDriver: chrome on WINDOWS (48b97708ba680d7cbbfc60d1580d0d25)] -> id: product_attribute_5_12]]]>
    </line>
    <line>
      <![CDATA[The price is [[ChromeDriver: chrome on WINDOWS (48b97708ba680d7cbbfc60d1580d0d25)] -> xpath: //div[@class='product-price']]]]>
    </line>
    <line>
      <![CDATA[Click on add card button [[ChromeDriver: chrome on WINDOWS (48b97708ba680d7cbbfc60d1580d0d25)] -> xpath: //button[@class='button-1 add-to-cart-button']]]]>
    </line>
    <line>
      <![CDATA[The Message after Adding to cart is [[ChromeDriver: chrome on WINDOWS (48b97708ba680d7cbbfc60d1580d0d25)] -> xpath: //body/div[@id='bar-notification']/div[1]/p[1]]]]>
    </line>
    <line>
      <![CDATA[Click on close Button on Message [[ChromeDriver: chrome on WINDOWS (48b97708ba680d7cbbfc60d1580d0d25)] -> xpath: //div[@id='bar-notification']/div[1]/span[1]]]]>
    </line>
    <line>
      <![CDATA[Click on Shopping cart link [[ChromeDriver: chrome on WINDOWS (48b97708ba680d7cbbfc60d1580d0d25)] -> xpath: //span[contains(text(),'Shopping cart')]]]]>
    </line>
    <line>
      <![CDATA[Click on Go to Cart [[ChromeDriver: chrome on WINDOWS (48b97708ba680d7cbbfc60d1580d0d25)] -> xpath: //button[contains(text(),'Go to cart')]]]]>
    </line>
    <line>
      <![CDATA[The shopping cart text [[ChromeDriver: chrome on WINDOWS (48b97708ba680d7cbbfc60d1580d0d25)] -> xpath: //div[@class='page-title']]]]>
    </line>
    <line>
      <![CDATA[Click on Update Cart Button [[ChromeDriver: chrome on WINDOWS (48b97708ba680d7cbbfc60d1580d0d25)] -> id: updatecart]]]>
    </line>
    <line>
      <![CDATA[The total price is [[ChromeDriver: chrome on WINDOWS (48b97708ba680d7cbbfc60d1580d0d25)] -> xpath: //span[@class='value-summary'][1]/strong]]]>
    </line>
    <line>
      <![CDATA[Click on erm and conditions box[[ChromeDriver: chrome on WINDOWS (48b97708ba680d7cbbfc60d1580d0d25)] -> id: termsofservice]]]>
    </line>
    <line>
      <![CDATA[Click on checkout button [[ChromeDriver: chrome on WINDOWS (48b97708ba680d7cbbfc60d1580d0d25)] -> name: checkout]]]>
    </line>
    <line>
      <![CDATA[The Welcome text [[ChromeDriver: chrome on WINDOWS (48b97708ba680d7cbbfc60d1580d0d25)] -> xpath: //h1[contains(text(),'Welcome, Please Sign In!')]]]]>
    </line>
    <line>
      <![CDATA[Click on checkout Button in guest section [[ChromeDriver: chrome on WINDOWS (48b97708ba680d7cbbfc60d1580d0d25)] -> xpath: //button[@class='button-1 checkout-as-guest-button']]]]>
    </line>
    <line>
      <![CDATA[Enter user first name Prime to firstname field [[ChromeDriver: chrome on WINDOWS (48b97708ba680d7cbbfc60d1580d0d25)] -> id: BillingNewAddress_FirstName]]]>
    </line>
    <line>
      <![CDATA[Enter user last name Testing to lastname field [[ChromeDriver: chrome on WINDOWS (48b97708ba680d7cbbfc60d1580d0d25)] -> id: BillingNewAddress_LastName]]]>
    </line>
    <line>
      <![CDATA[Enter user email prime to Email field [[ChromeDriver: chrome on WINDOWS (48b97708ba680d7cbbfc60d1580d0d25)] -> id: BillingNewAddress_Email]]]>
    </line>
    <line>
      <![CDATA[Select a country[[ChromeDriver: chrome on WINDOWS (48b97708ba680d7cbbfc60d1580d0d25)] -> xpath: //select[@id='BillingNewAddress_CountryId']]]]>
    </line>
    <line>
      <![CDATA[Enter city name London to City field [[ChromeDriver: chrome on WINDOWS (48b97708ba680d7cbbfc60d1580d0d25)] -> name: BillingNewAddress.City]]]>
    </line>
    <line>
      <![CDATA[Enter Address 1 London Road to Address field [[ChromeDriver: chrome on WINDOWS (48b97708ba680d7cbbfc60d1580d0d25)] -> id: BillingNewAddress_Address1]]]>
    </line>
    <line>
      <![CDATA[Enter postcode LL1 LL2 to Postcode field [[ChromeDriver: chrome on WINDOWS (48b97708ba680d7cbbfc60d1580d0d25)] -> id: BillingNewAddress_ZipPostalCode]]]>
    </line>
    <line>
      <![CDATA[Enter telephone number 08765467654 to Telephone Number field [[ChromeDriver: chrome on WINDOWS (48b97708ba680d7cbbfc60d1580d0d25)] -> id: BillingNewAddress_PhoneNumber]]]>
    </line>
    <line>
      <![CDATA[Clicking on continue Button [[ChromeDriver: chrome on WINDOWS (48b97708ba680d7cbbfc60d1580d0d25)] -> name: save]]]>
    </line>
    <line>
      <![CDATA[Click on Next Day Air Delivery Button [[ChromeDriver: chrome on WINDOWS (48b97708ba680d7cbbfc60d1580d0d25)] -> id: shippingoption_1]]]>
    </line>
    <line>
      <![CDATA[Click on continue Button on delivery section [[ChromeDriver: chrome on WINDOWS (48b97708ba680d7cbbfc60d1580d0d25)] -> xpath: //button[@class ='button-1 shipping-method-next-step-button']]]]>
    </line>
    <line>
      <![CDATA[Clicking on Credit Card Payment Button [[ChromeDriver: chrome on WINDOWS (48b97708ba680d7cbbfc60d1580d0d25)] -> id: paymentmethod_1]]]>
    </line>
    <line>
      <![CDATA[Click on continue Button on payment method [[ChromeDriver: chrome on WINDOWS (48b97708ba680d7cbbfc60d1580d0d25)] -> xpath: //button[@class='button-1 payment-method-next-step-button']]]]>
    </line>
    <line>
      <![CDATA[Select Credit [[ChromeDriver: chrome on WINDOWS (48b97708ba680d7cbbfc60d1580d0d25)] -> id: CreditCardType]]]>
    </line>
    <line>
      <![CDATA[Enter cardholder name Prime to Cardholder Name field [[ChromeDriver: chrome on WINDOWS (48b97708ba680d7cbbfc60d1580d0d25)] -> xpath: //input[@id='CardholderName']]]]>
    </line>
    <line>
      <![CDATA[Enter card number 5555555555554444 to Telephone Number field [[ChromeDriver: chrome on WINDOWS (48b97708ba680d7cbbfc60d1580d0d25)] -> xpath: //input[@id='CardholderName']]]]>
    </line>
    <line>
      <![CDATA[Enter expiry month 5 to Telephone Number field [[ChromeDriver: chrome on WINDOWS (48b97708ba680d7cbbfc60d1580d0d25)] -> xpath: //select[@id='ExpireMonth']]]]>
    </line>
    <line>
      <![CDATA[Enter expiry year 2024 to Telephone Number field [[ChromeDriver: chrome on WINDOWS (48b97708ba680d7cbbfc60d1580d0d25)] -> xpath: //select[@id='ExpireYear']]]]>
    </line>
    <line>
      <![CDATA[Enter card code number 123 to Telephone Number field [[ChromeDriver: chrome on WINDOWS (48b97708ba680d7cbbfc60d1580d0d25)] -> xpath: //input[@id='CardCode']]]]>
    </line>
    <line>
      <![CDATA[Click on continue Button on card section [[ChromeDriver: chrome on WINDOWS (48b97708ba680d7cbbfc60d1580d0d25)] -> xpath: //button[@class='button-1 payment-info-next-step-button']]]]>
    </line>
    <line>
      <![CDATA[The payment method text [[ChromeDriver: chrome on WINDOWS (48b97708ba680d7cbbfc60d1580d0d25)] -> xpath: //li[@class='payment-method']]]]>
    </line>
    <line>
      <![CDATA[The delivery method text [[ChromeDriver: chrome on WINDOWS (48b97708ba680d7cbbfc60d1580d0d25)] -> xpath: //li[@class='shipping-method']]]]>
    </line>
    <line>
      <![CDATA[The total price text [[ChromeDriver: chrome on WINDOWS (48b97708ba680d7cbbfc60d1580d0d25)] -> xpath: //tr[@class='order-total']/td[2]]]]>
    </line>
    <line>
      <![CDATA[Click on confirm Button [[ChromeDriver: chrome on WINDOWS (48b97708ba680d7cbbfc60d1580d0d25)] -> xpath: //button[@class='button-1 confirm-order-next-step-button']]]]>
    </line>
    <line>
      <![CDATA[The thank you text [[ChromeDriver: chrome on WINDOWS (48b97708ba680d7cbbfc60d1580d0d25)] -> xpath: //h1[contains(text(),'Thank you')]]]]>
    </line>
    <line>
      <![CDATA[The order process Successful text [[ChromeDriver: chrome on WINDOWS (48b97708ba680d7cbbfc60d1580d0d25)] -> xpath: //strong[contains(text(),'Your order has been successfully processed!')]]]]>
    </line>
    <line>
      <![CDATA[Click on continue Button after thank you [[ChromeDriver: chrome on WINDOWS (48b97708ba680d7cbbfc60d1580d0d25)] -> xpath: //button[@class='button-1 order-completed-continue-button']]]]>
    </line>
    <line>
      <![CDATA[The welcome text [[ChromeDriver: chrome on WINDOWS (48b97708ba680d7cbbfc60d1580d0d25)] -> xpath: //h2[contains(text(),'Welcome to our store')]]]]>
    </line>
    <line>
      <![CDATA[Click to see screenshot]]>
    </line>
    <line>
      <![CDATA[<a target = "_blank" href=C:\Users\nik_7\IdeaProjects\project1-nopcommerece-pagefactory-nauman/test-output/html/verifyProductAddedToShoppingCartSuccessFullyTue_Dec_13_22_19_43_GMT_2022.jpg>Screenshot</a>]]>
    </line>
    <line>
      <![CDATA[<br>]]>
    </line>
    <line>
      <![CDATA[<br>]]>
    </line>
    <line>
      <![CDATA[<a target = "_blank" href=C:\Users\nik_7\IdeaProjects\project1-nopcommerece-pagefactory-nauman/test-output/html/verifyProductAddedToShoppingCartSuccessFullyTue_Dec_13_22_19_43_GMT_2022.jpg><img src=C:\Users\nik_7\IdeaProjects\project1-nopcommerece-pagefactory-nauman/test-output/html/verifyProductAddedToShoppingCartSuccessFullyTue_Dec_13_22_19_43_GMT_2022.jpg height=200 width=200></img></a>]]>
    </line>
    <line>
      <![CDATA[The menu options are [[[ChromeDriver: chrome on WINDOWS (cd9cbe977b01cec3e3cba200f1e7bce9)] -> xpath: //div[@class='header-menu']//ul/child::*], [[ChromeDriver: chrome on WINDOWS (cd9cbe977b01cec3e3cba200f1e7bce9)] -> xpath: //div[@class='header-menu']//ul/child::*], [[ChromeDriver: chrome on WINDOWS (cd9cbe977b01cec3e3cba200f1e7bce9)] -> xpath: //div[@class='header-menu']//ul/child::*], [[ChromeDriver: chrome on WINDOWS (cd9cbe977b01cec3e3cba200f1e7bce9)] -> xpath: //div[@class='header-menu']//ul/child::*], [[ChromeDriver: chrome on WINDOWS (cd9cbe977b01cec3e3cba200f1e7bce9)] -> xpath: //div[@class='header-menu']//ul/child::*], [[ChromeDriver: chrome on WINDOWS (cd9cbe977b01cec3e3cba200f1e7bce9)] -> xpath: //div[@class='header-menu']//ul/child::*], [[ChromeDriver: chrome on WINDOWS (cd9cbe977b01cec3e3cba200f1e7bce9)] -> xpath: //div[@class='header-menu']//ul/child::*], [[ChromeDriver: chrome on WINDOWS (cd9cbe977b01cec3e3cba200f1e7bce9)] -> xpath: //div[@class='header-menu']//ul/child::*], [[ChromeDriver: chrome on WINDOWS (cd9cbe977b01cec3e3cba200f1e7bce9)] -> xpath: //div[@class='header-menu']//ul/child::*], [[ChromeDriver: chrome on WINDOWS (cd9cbe977b01cec3e3cba200f1e7bce9)] -> xpath: //div[@class='header-menu']//ul/child::*], [[ChromeDriver: chrome on WINDOWS (cd9cbe977b01cec3e3cba200f1e7bce9)] -> xpath: //div[@class='header-menu']//ul/child::*], [[ChromeDriver: chrome on WINDOWS (cd9cbe977b01cec3e3cba200f1e7bce9)] -> xpath: //div[@class='header-menu']//ul/child::*], [[ChromeDriver: chrome on WINDOWS (cd9cbe977b01cec3e3cba200f1e7bce9)] -> xpath: //div[@class='header-menu']//ul/child::*], [[ChromeDriver: chrome on WINDOWS (cd9cbe977b01cec3e3cba200f1e7bce9)] -> xpath: //div[@class='header-menu']//ul/child::*], [[ChromeDriver: chrome on WINDOWS (cd9cbe977b01cec3e3cba200f1e7bce9)] -> xpath: //div[@class='header-menu']//ul/child::*], [[ChromeDriver: chrome on WINDOWS (cd9cbe977b01cec3e3cba200f1e7bce9)] -> xpath: //div[@class='header-menu']//ul/child::*], [[ChromeDriver: chrome on WINDOWS (cd9cbe977b01cec3e3cba200f1e7bce9)] -> xpath: //div[@class='header-menu']//ul/child::*], [[ChromeDriver: chrome on WINDOWS (cd9cbe977b01cec3e3cba200f1e7bce9)] -> xpath: //div[@class='header-menu']//ul/child::*], [[ChromeDriver: chrome on WINDOWS (cd9cbe977b01cec3e3cba200f1e7bce9)] -> xpath: //div[@class='header-menu']//ul/child::*], [[ChromeDriver: chrome on WINDOWS (cd9cbe977b01cec3e3cba200f1e7bce9)] -> xpath: //div[@class='header-menu']//ul/child::*], [[ChromeDriver: chrome on WINDOWS (cd9cbe977b01cec3e3cba200f1e7bce9)] -> xpath: //div[@class='header-menu']//ul/child::*], [[ChromeDriver: chrome on WINDOWS (cd9cbe977b01cec3e3cba200f1e7bce9)] -> xpath: //div[@class='header-menu']//ul/child::*], [[ChromeDriver: chrome on WINDOWS (cd9cbe977b01cec3e3cba200f1e7bce9)] -> xpath: //div[@class='header-menu']//ul/child::*], [[ChromeDriver: chrome on WINDOWS (cd9cbe977b01cec3e3cba200f1e7bce9)] -> xpath: //div[@class='header-menu']//ul/child::*], [[ChromeDriver: chrome on WINDOWS (cd9cbe977b01cec3e3cba200f1e7bce9)] -> xpath: //div[@class='header-menu']//ul/child::*], [[ChromeDriver: chrome on WINDOWS (cd9cbe977b01cec3e3cba200f1e7bce9)] -> xpath: //div[@class='header-menu']//ul/child::*], [[ChromeDriver: chrome on WINDOWS (cd9cbe977b01cec3e3cba200f1e7bce9)] -> xpath: //div[@class='header-menu']//ul/child::*], [[ChromeDriver: chrome on WINDOWS (cd9cbe977b01cec3e3cba200f1e7bce9)] -> xpath: //div[@class='header-menu']//ul/child::*], [[ChromeDriver: chrome on WINDOWS (cd9cbe977b01cec3e3cba200f1e7bce9)] -> xpath: //div[@class='header-menu']//ul/child::*], [[ChromeDriver: chrome on WINDOWS (cd9cbe977b01cec3e3cba200f1e7bce9)] -> xpath: //div[@class='header-menu']//ul/child::*], [[ChromeDriver: chrome on WINDOWS (cd9cbe977b01cec3e3cba200f1e7bce9)] -> xpath: //div[@class='header-menu']//ul/child::*], [[ChromeDriver: chrome on WINDOWS (cd9cbe977b01cec3e3cba200f1e7bce9)] -> xpath: //div[@class='header-menu']//ul/child::*]]]]>
    </line>
    <line>
      <![CDATA[The Category List is [[[ChromeDriver: chrome on WINDOWS (cd9cbe977b01cec3e3cba200f1e7bce9)] -> xpath: //div[@class='item-grid']/child::*], [[ChromeDriver: chrome on WINDOWS (cd9cbe977b01cec3e3cba200f1e7bce9)] -> xpath: //div[@class='item-grid']/child::*], [[ChromeDriver: chrome on WINDOWS (cd9cbe977b01cec3e3cba200f1e7bce9)] -> xpath: //div[@class='item-grid']/child::*]]]]>
    </line>
    <line>
      <![CDATA[Select Sort By[[ChromeDriver: chrome on WINDOWS (cd9cbe977b01cec3e3cba200f1e7bce9)] -> xpath: //select[@id='products-orderby']]]]>
    </line>
    <line>
      <![CDATA[Product List[[[ChromeDriver: chrome on WINDOWS (cd9cbe977b01cec3e3cba200f1e7bce9)] -> xpath: //div[@class='item-grid']/div//h2], [[ChromeDriver: chrome on WINDOWS (cd9cbe977b01cec3e3cba200f1e7bce9)] -> xpath: //div[@class='item-grid']/div//h2], [[ChromeDriver: chrome on WINDOWS (cd9cbe977b01cec3e3cba200f1e7bce9)] -> xpath: //div[@class='item-grid']/div//h2]]]]>
    </line>
    <line>
      <![CDATA[List of Products after sorting[[[ChromeDriver: chrome on WINDOWS (cd9cbe977b01cec3e3cba200f1e7bce9)] -> xpath: //div[@class='item-grid']/div//h2], [[ChromeDriver: chrome on WINDOWS (cd9cbe977b01cec3e3cba200f1e7bce9)] -> xpath: //div[@class='item-grid']/div//h2], [[ChromeDriver: chrome on WINDOWS (cd9cbe977b01cec3e3cba200f1e7bce9)] -> xpath: //div[@class='item-grid']/div//h2]]]]>
    </line>
    <line>
      <![CDATA[Product List[[[ChromeDriver: chrome on WINDOWS (cd9cbe977b01cec3e3cba200f1e7bce9)] -> xpath: //div[@class='item-grid']/div//h2], [[ChromeDriver: chrome on WINDOWS (cd9cbe977b01cec3e3cba200f1e7bce9)] -> xpath: //div[@class='item-grid']/div//h2], [[ChromeDriver: chrome on WINDOWS (cd9cbe977b01cec3e3cba200f1e7bce9)] -> xpath: //div[@class='item-grid']/div//h2]]]]>
    </line>
    <line>
      <![CDATA[Product List[[[ChromeDriver: chrome on WINDOWS (cd9cbe977b01cec3e3cba200f1e7bce9)] -> xpath: //div[@class='item-grid']/div//h2], [[ChromeDriver: chrome on WINDOWS (cd9cbe977b01cec3e3cba200f1e7bce9)] -> xpath: //div[@class='item-grid']/div//h2], [[ChromeDriver: chrome on WINDOWS (cd9cbe977b01cec3e3cba200f1e7bce9)] -> xpath: //div[@class='item-grid']/div//h2]]]]>
    </line>
    <line>
      <![CDATA[Product List[[[ChromeDriver: chrome on WINDOWS (cd9cbe977b01cec3e3cba200f1e7bce9)] -> xpath: //div[@class='item-grid']/div//h2], [[ChromeDriver: chrome on WINDOWS (cd9cbe977b01cec3e3cba200f1e7bce9)] -> xpath: //div[@class='item-grid']/div//h2], [[ChromeDriver: chrome on WINDOWS (cd9cbe977b01cec3e3cba200f1e7bce9)] -> xpath: //div[@class='item-grid']/div//h2]]]]>
    </line>
    <line>
      <![CDATA[Click to see screenshot]]>
    </line>
    <line>
      <![CDATA[<a target = "_blank" href=C:\Users\nik_7\IdeaProjects\project1-nopcommerece-pagefactory-nauman/test-output/html/verifyProductArrangeInAlphabeticalOrderTue_Dec_13_22_19_47_GMT_2022.jpg>Screenshot</a>]]>
    </line>
    <line>
      <![CDATA[<br>]]>
    </line>
    <line>
      <![CDATA[<br>]]>
    </line>
    <line>
      <![CDATA[<a target = "_blank" href=C:\Users\nik_7\IdeaProjects\project1-nopcommerece-pagefactory-nauman/test-output/html/verifyProductArrangeInAlphabeticalOrderTue_Dec_13_22_19_47_GMT_2022.jpg><img src=C:\Users\nik_7\IdeaProjects\project1-nopcommerece-pagefactory-nauman/test-output/html/verifyProductArrangeInAlphabeticalOrderTue_Dec_13_22_19_47_GMT_2022.jpg height=200 width=200></img></a>]]>
    </line>
  </reporter-output>
  <suite name="testsuite" duration-ms="46592" started-at="2022-12-13T22:19:01 GMT" finished-at="2022-12-13T22:19:47 GMT">
    <groups>
      <group name="regression">
        <method signature="ComputersTest.verifyProductAddedToShoppingCartSuccessFully()[pri:0, instance:com.nopcommerce.demo.testsuite.ComputersTest@44a3ec6b]" name="verifyProductAddedToShoppingCartSuccessFully" class="com.nopcommerce.demo.testsuite.ComputersTest"/>
        <method signature="ComputersTest.verifyProductArrangeInAlphabeticalOrder()[pri:0, instance:com.nopcommerce.demo.testsuite.ComputersTest@44a3ec6b]" name="verifyProductArrangeInAlphabeticalOrder" class="com.nopcommerce.demo.testsuite.ComputersTest"/>
        <method signature="ElectronicTest.verifyThatTheProductAddedSuccessfullyAndPlaceOrderSuccessfully()[pri:0, instance:com.nopcommerce.demo.testsuite.ElectronicTest@7e9a5fbe]" name="verifyThatTheProductAddedSuccessfullyAndPlaceOrderSuccessfully" class="com.nopcommerce.demo.testsuite.ElectronicTest"/>
        <method signature="ElectronicTest.verifyUserShouldNavigateToCellPhonesPageSuccessfully()[pri:0, instance:com.nopcommerce.demo.testsuite.ElectronicTest@7e9a5fbe]" name="verifyUserShouldNavigateToCellPhonesPageSuccessfully" class="com.nopcommerce.demo.testsuite.ElectronicTest"/>
        <method signature="TopMenuTest.verifySuccessfulPageNavigation()[pri:0, instance:com.nopcommerce.demo.testsuite.TopMenuTest@481a15ff]" name="verifySuccessfulPageNavigation" class="com.nopcommerce.demo.testsuite.TopMenuTest"/>
        <method signature="TopMenuTest.verifySuccessfulPageNavigation2()[pri:0, instance:com.nopcommerce.demo.testsuite.TopMenuTest@481a15ff]" name="verifySuccessfulPageNavigation2" class="com.nopcommerce.demo.testsuite.TopMenuTest"/>
      </group> <!-- regression -->
      <group name="smoke">
        <method signature="ComputersTest.verifyProductAddedToShoppingCartSuccessFully()[pri:0, instance:com.nopcommerce.demo.testsuite.ComputersTest@44a3ec6b]" name="verifyProductAddedToShoppingCartSuccessFully" class="com.nopcommerce.demo.testsuite.ComputersTest"/>
        <method signature="ElectronicTest.verifyThatTheProductAddedSuccessfullyAndPlaceOrderSuccessfully()[pri:0, instance:com.nopcommerce.demo.testsuite.ElectronicTest@7e9a5fbe]" name="verifyThatTheProductAddedSuccessfullyAndPlaceOrderSuccessfully" class="com.nopcommerce.demo.testsuite.ElectronicTest"/>
        <method signature="TopMenuTest.verifySuccessfulPageNavigation2()[pri:0, instance:com.nopcommerce.demo.testsuite.TopMenuTest@481a15ff]" name="verifySuccessfulPageNavigation2" class="com.nopcommerce.demo.testsuite.TopMenuTest"/>
      </group> <!-- smoke -->
      <group name="sanity">
        <method signature="ComputersTest.verifyProductArrangeInAlphabeticalOrder()[pri:0, instance:com.nopcommerce.demo.testsuite.ComputersTest@44a3ec6b]" name="verifyProductArrangeInAlphabeticalOrder" class="com.nopcommerce.demo.testsuite.ComputersTest"/>
        <method signature="ElectronicTest.verifyUserShouldNavigateToCellPhonesPageSuccessfully()[pri:0, instance:com.nopcommerce.demo.testsuite.ElectronicTest@7e9a5fbe]" name="verifyUserShouldNavigateToCellPhonesPageSuccessfully" class="com.nopcommerce.demo.testsuite.ElectronicTest"/>
        <method signature="TopMenuTest.verifySuccessfulPageNavigation()[pri:0, instance:com.nopcommerce.demo.testsuite.TopMenuTest@481a15ff]" name="verifySuccessfulPageNavigation" class="com.nopcommerce.demo.testsuite.TopMenuTest"/>
      </group> <!-- sanity -->
    </groups>
    <test name="Regression Test" duration-ms="46592" started-at="2022-12-13T22:19:01 GMT" finished-at="2022-12-13T22:19:47 GMT">
      <class name="com.nopcommerce.demo.testsuite.ComputersTest">
        <test-method status="PASS" signature="setUp()[pri:0, instance:com.nopcommerce.demo.testsuite.ComputersTest@44a3ec6b]" name="setUp" is-config="true" duration-ms="1994" started-at="2022-12-13T22:19:29 GMT" finished-at="2022-12-13T22:19:31 GMT">
          <reporter-output>
          </reporter-output>
        </test-method> <!-- setUp -->
        <test-method status="PASS" signature="pageObjects()[pri:0, instance:com.nopcommerce.demo.testsuite.ComputersTest@44a3ec6b]" name="pageObjects" is-config="true" duration-ms="2" started-at="2022-12-13T22:19:31 GMT" finished-at="2022-12-13T22:19:31 GMT">
          <reporter-output>
          </reporter-output>
        </test-method> <!-- pageObjects -->
        <test-method status="PASS" signature="verifyProductAddedToShoppingCartSuccessFully()[pri:0, instance:com.nopcommerce.demo.testsuite.ComputersTest@44a3ec6b]" name="verifyProductAddedToShoppingCartSuccessFully" duration-ms="11705" started-at="2022-12-13T22:19:31 GMT" finished-at="2022-12-13T22:19:42 GMT">
          <reporter-output>
            <line>
              <![CDATA[The menu options are [[[ChromeDriver: chrome on WINDOWS (48b97708ba680d7cbbfc60d1580d0d25)] -> xpath: //div[@class='header-menu']//ul/child::*], [[ChromeDriver: chrome on WINDOWS (48b97708ba680d7cbbfc60d1580d0d25)] -> xpath: //div[@class='header-menu']//ul/child::*], [[ChromeDriver: chrome on WINDOWS (48b97708ba680d7cbbfc60d1580d0d25)] -> xpath: //div[@class='header-menu']//ul/child::*], [[ChromeDriver: chrome on WINDOWS (48b97708ba680d7cbbfc60d1580d0d25)] -> xpath: //div[@class='header-menu']//ul/child::*], [[ChromeDriver: chrome on WINDOWS (48b97708ba680d7cbbfc60d1580d0d25)] -> xpath: //div[@class='header-menu']//ul/child::*], [[ChromeDriver: chrome on WINDOWS (48b97708ba680d7cbbfc60d1580d0d25)] -> xpath: //div[@class='header-menu']//ul/child::*], [[ChromeDriver: chrome on WINDOWS (48b97708ba680d7cbbfc60d1580d0d25)] -> xpath: //div[@class='header-menu']//ul/child::*], [[ChromeDriver: chrome on WINDOWS (48b97708ba680d7cbbfc60d1580d0d25)] -> xpath: //div[@class='header-menu']//ul/child::*], [[ChromeDriver: chrome on WINDOWS (48b97708ba680d7cbbfc60d1580d0d25)] -> xpath: //div[@class='header-menu']//ul/child::*], [[ChromeDriver: chrome on WINDOWS (48b97708ba680d7cbbfc60d1580d0d25)] -> xpath: //div[@class='header-menu']//ul/child::*], [[ChromeDriver: chrome on WINDOWS (48b97708ba680d7cbbfc60d1580d0d25)] -> xpath: //div[@class='header-menu']//ul/child::*], [[ChromeDriver: chrome on WINDOWS (48b97708ba680d7cbbfc60d1580d0d25)] -> xpath: //div[@class='header-menu']//ul/child::*], [[ChromeDriver: chrome on WINDOWS (48b97708ba680d7cbbfc60d1580d0d25)] -> xpath: //div[@class='header-menu']//ul/child::*], [[ChromeDriver: chrome on WINDOWS (48b97708ba680d7cbbfc60d1580d0d25)] -> xpath: //div[@class='header-menu']//ul/child::*], [[ChromeDriver: chrome on WINDOWS (48b97708ba680d7cbbfc60d1580d0d25)] -> xpath: //div[@class='header-menu']//ul/child::*], [[ChromeDriver: chrome on WINDOWS (48b97708ba680d7cbbfc60d1580d0d25)] -> xpath: //div[@class='header-menu']//ul/child::*], [[ChromeDriver: chrome on WINDOWS (48b97708ba680d7cbbfc60d1580d0d25)] -> xpath: //div[@class='header-menu']//ul/child::*], [[ChromeDriver: chrome on WINDOWS (48b97708ba680d7cbbfc60d1580d0d25)] -> xpath: //div[@class='header-menu']//ul/child::*], [[ChromeDriver: chrome on WINDOWS (48b97708ba680d7cbbfc60d1580d0d25)] -> xpath: //div[@class='header-menu']//ul/child::*], [[ChromeDriver: chrome on WINDOWS (48b97708ba680d7cbbfc60d1580d0d25)] -> xpath: //div[@class='header-menu']//ul/child::*], [[ChromeDriver: chrome on WINDOWS (48b97708ba680d7cbbfc60d1580d0d25)] -> xpath: //div[@class='header-menu']//ul/child::*], [[ChromeDriver: chrome on WINDOWS (48b97708ba680d7cbbfc60d1580d0d25)] -> xpath: //div[@class='header-menu']//ul/child::*], [[ChromeDriver: chrome on WINDOWS (48b97708ba680d7cbbfc60d1580d0d25)] -> xpath: //div[@class='header-menu']//ul/child::*], [[ChromeDriver: chrome on WINDOWS (48b97708ba680d7cbbfc60d1580d0d25)] -> xpath: //div[@class='header-menu']//ul/child::*], [[ChromeDriver: chrome on WINDOWS (48b97708ba680d7cbbfc60d1580d0d25)] -> xpath: //div[@class='header-menu']//ul/child::*], [[ChromeDriver: chrome on WINDOWS (48b97708ba680d7cbbfc60d1580d0d25)] -> xpath: //div[@class='header-menu']//ul/child::*], [[ChromeDriver: chrome on WINDOWS (48b97708ba680d7cbbfc60d1580d0d25)] -> xpath: //div[@class='header-menu']//ul/child::*], [[ChromeDriver: chrome on WINDOWS (48b97708ba680d7cbbfc60d1580d0d25)] -> xpath: //div[@class='header-menu']//ul/child::*], [[ChromeDriver: chrome on WINDOWS (48b97708ba680d7cbbfc60d1580d0d25)] -> xpath: //div[@class='header-menu']//ul/child::*], [[ChromeDriver: chrome on WINDOWS (48b97708ba680d7cbbfc60d1580d0d25)] -> xpath: //div[@class='header-menu']//ul/child::*], [[ChromeDriver: chrome on WINDOWS (48b97708ba680d7cbbfc60d1580d0d25)] -> xpath: //div[@class='header-menu']//ul/child::*], [[ChromeDriver: chrome on WINDOWS (48b97708ba680d7cbbfc60d1580d0d25)] -> xpath: //div[@class='header-menu']//ul/child::*]]]]>
            </line>
            <line>
              <![CDATA[The Category List is [[[ChromeDriver: chrome on WINDOWS (48b97708ba680d7cbbfc60d1580d0d25)] -> xpath: //div[@class='item-grid']/child::*], [[ChromeDriver: chrome on WINDOWS (48b97708ba680d7cbbfc60d1580d0d25)] -> xpath: //div[@class='item-grid']/child::*], [[ChromeDriver: chrome on WINDOWS (48b97708ba680d7cbbfc60d1580d0d25)] -> xpath: //div[@class='item-grid']/child::*]]]]>
            </line>
            <line>
              <![CDATA[Select Sort By[[ChromeDriver: chrome on WINDOWS (48b97708ba680d7cbbfc60d1580d0d25)] -> xpath: //select[@id='products-orderby']]]]>
            </line>
            <line>
              <![CDATA[Product List[[[ChromeDriver: chrome on WINDOWS (48b97708ba680d7cbbfc60d1580d0d25)] -> xpath: //div[@class='item-grid']/div//h2], [[ChromeDriver: chrome on WINDOWS (48b97708ba680d7cbbfc60d1580d0d25)] -> xpath: //div[@class='item-grid']/div//h2], [[ChromeDriver: chrome on WINDOWS (48b97708ba680d7cbbfc60d1580d0d25)] -> xpath: //div[@class='item-grid']/div//h2]]]]>
            </line>
            <line>
              <![CDATA[List of Products after sorting[[[ChromeDriver: chrome on WINDOWS (48b97708ba680d7cbbfc60d1580d0d25)] -> xpath: //div[@class='item-grid']/div//h2], [[ChromeDriver: chrome on WINDOWS (48b97708ba680d7cbbfc60d1580d0d25)] -> xpath: //div[@class='item-grid']/div//h2], [[ChromeDriver: chrome on WINDOWS (48b97708ba680d7cbbfc60d1580d0d25)] -> xpath: //div[@class='item-grid']/div//h2]]]]>
            </line>
[...]
            </line>
            <line>
              <![CDATA[The menu options are [[[ChromeDriver: chrome on WINDOWS (b9808e9007c7bf029924b0789c3ead6a)] -> xpath: //div[@class='header-menu']//ul/child::*], [[ChromeDriver: chrome on WINDOWS (b9808e9007c7bf029924b0789c3ead6a)] -> xpath: //div[@class='header-menu']//ul/child::*], [[ChromeDriver: chrome on WINDOWS (b9808e9007c7bf029924b0789c3ead6a)] -> xpath: //div[@class='header-menu']//ul/child::*], [[ChromeDriver: chrome on WINDOWS (b9808e9007c7bf029924b0789c3ead6a)] -> xpath: //div[@class='header-menu']//ul/child::*], [[ChromeDriver: chrome on WINDOWS (b9808e9007c7bf029924b0789c3ead6a)] -> xpath: //div[@class='header-menu']//ul/child::*], [[ChromeDriver: chrome on WINDOWS (b9808e9007c7bf029924b0789c3ead6a)] -> xpath: //div[@class='header-menu']//ul/child::*], [[ChromeDriver: chrome on WINDOWS (b9808e9007c7bf029924b0789c3ead6a)] -> xpath: //div[@class='header-menu']//ul/child::*], [[ChromeDriver: chrome on WINDOWS (b9808e9007c7bf029924b0789c3ead6a)] -> xpath: //div[@class='header-menu']//ul/child::*], [[ChromeDriver: chrome on WINDOWS (b9808e9007c7bf029924b0789c3ead6a)] -> xpath: //div[@class='header-menu']//ul/child::*], [[ChromeDriver: chrome on WINDOWS (b9808e9007c7bf029924b0789c3ead6a)] -> xpath: //div[@class='header-menu']//ul/child::*], [[ChromeDriver: chrome on WINDOWS (b9808e9007c7bf029924b0789c3ead6a)] -> xpath: //div[@class='header-menu']//ul/child::*], [[ChromeDriver: chrome on WINDOWS (b9808e9007c7bf029924b0789c3ead6a)] -> xpath: //div[@class='header-menu']//ul/child::*], [[ChromeDriver: chrome on WINDOWS (b9808e9007c7bf029924b0789c3ead6a)] -> xpath: //div[@class='header-menu']//ul/child::*], [[ChromeDriver: chrome on WINDOWS (b9808e9007c7bf029924b0789c3ead6a)] -> xpath: //div[@class='header-menu']//ul/child::*], [[ChromeDriver: chrome on WINDOWS (b9808e9007c7bf029924b0789c3ead6a)] -> xpath: //div[@class='header-menu']//ul/child::*], [[ChromeDriver: chrome on WINDOWS (b9808e9007c7bf029924b0789c3ead6a)] -> xpath: //div[@class='header-menu']//ul/child::*], [[ChromeDriver: chrome on WINDOWS (b9808e9007c7bf029924b0789c3ead6a)] -> xpath: //div[@class='header-menu']//ul/child::*], [[ChromeDriver: chrome on WINDOWS (b9808e9007c7bf029924b0789c3ead6a)] -> xpath: //div[@class='header-menu']//ul/child::*], [[ChromeDriver: chrome on WINDOWS (b9808e9007c7bf029924b0789c3ead6a)] -> xpath: //div[@class='header-menu']//ul/child::*], [[ChromeDriver: chrome on WINDOWS (b9808e9007c7bf029924b0789c3ead6a)] -> xpath: //div[@class='header-menu']//ul/child::*], [[ChromeDriver: chrome on WINDOWS (b9808e9007c7bf029924b0789c3ead6a)] -> xpath: //div[@class='header-menu']//ul/child::*], [[ChromeDriver: chrome on WINDOWS (b9808e9007c7bf029924b0789c3ead6a)] -> xpath: //div[@class='header-menu']//ul/child::*], [[ChromeDriver: chrome on WINDOWS (b9808e9007c7bf029924b0789c3ead6a)] -> xpath: //div[@class='header-menu']//ul/child::*], [[ChromeDriver: chrome on WINDOWS (b9808e9007c7bf029924b0789c3ead6a)] -> xpath: //div[@class='header-menu']//ul/child::*], [[ChromeDriver: chrome on WINDOWS (b9808e9007c7bf029924b0789c3ead6a)] -> xpath: //div[@class='header-menu']//ul/child::*], [[ChromeDriver: chrome on WINDOWS (b9808e9007c7bf029924b0789c3ead6a)] -> xpath: //div[@class='header-menu']//ul/child::*], [[ChromeDriver: chrome on WINDOWS (b9808e9007c7bf029924b0789c3ead6a)] -> xpath: //div[@class='header-menu']//ul/child::*], [[ChromeDriver: chrome on WINDOWS (b9808e9007c7bf029924b0789c3ead6a)] -> xpath: //div[@class='header-menu']//ul/child::*], [[ChromeDriver: chrome on WINDOWS (b9808e9007c7bf029924b0789c3ead6a)] -> xpath: //div[@class='header-menu']//ul/child::*], [[ChromeDriver: chrome on WINDOWS (b9808e9007c7bf029924b0789c3ead6a)] -> xpath: //div[@class='header-menu']//ul/child::*], [[ChromeDriver: chrome on WINDOWS (b9808e9007c7bf029924b0789c3ead6a)] -> xpath: //div[@class='header-menu']//ul/child::*], [[ChromeDriver: chrome on WINDOWS (b9808e9007c7bf029924b0789c3ead6a)] -> xpath: //div[@class='header-menu']//ul/child::*]]]]>
            </line>
            <line>
              <![CDATA[The page title are [[ChromeDriver: chrome on WINDOWS (b9808e9007c7bf029924b0789c3ead6a)] -> xpath: //div[@class='page-title']]]]>
            </line>
            <line>
              <![CDATA[Click to see screenshot]]>
            </line>
            <line>
              <![CDATA[<a target = "_blank" href=C:\Users\nik_7\IdeaProjects\project1-nopcommerece-pagefactory-nauman/test-output/html/verifyUserShouldNavigateToCellPhonesPageSuccessfullyTue_Dec_13_22_19_28_GMT_2022.jpg>Screenshot</a>]]>
            </line>
            <line>
              <![CDATA[<br>]]>
            </line>
            <line>
              <![CDATA[<br>]]>
            </line>
            <line>
              <![CDATA[<a target = "_blank" href=C:\Users\nik_7\IdeaProjects\project1-nopcommerece-pagefactory-nauman/test-output/html/verifyUserShouldNavigateToCellPhonesPageSuccessfullyTue_Dec_13_22_19_28_GMT_2022.jpg><img src=C:\Users\nik_7\IdeaProjects\project1-nopcommerece-pagefactory-nauman/test-output/html/verifyUserShouldNavigateToCellPhonesPageSuccessfullyTue_Dec_13_22_19_28_GMT_2022.jpg height=200 width=200></img></a>]]>
            </line>
          </reporter-output>
        </test-method> <!-- verifyUserShouldNavigateToCellPhonesPageSuccessfully -->
        <test-method status="PASS" signature="tearDown()[pri:0, instance:com.nopcommerce.demo.testsuite.ElectronicTest@7e9a5fbe]" name="tearDown" is-config="true" duration-ms="594" started-at="2022-12-13T22:19:28 GMT" finished-at="2022-12-13T22:19:29 GMT">
          <reporter-output>
          </reporter-output>
        </test-method> <!-- tearDown -->
      </class> <!-- com.nopcommerce.demo.testsuite.ElectronicTest -->
      <class name="com.nopcommerce.demo.testsuite.TopMenuTest">
        <test-method status="PASS" signature="setUp()[pri:0, instance:com.nopcommerce.demo.testsuite.TopMenuTest@481a15ff]" name="setUp" is-config="true" duration-ms="3076" started-at="2022-12-13T22:19:01 GMT" finished-at="2022-12-13T22:19:04 GMT">
          <reporter-output>
          </reporter-output>
        </test-method> <!-- setUp -->
        <test-method status="PASS" signature="pageObjects()[pri:0, instance:com.nopcommerce.demo.testsuite.TopMenuTest@481a15ff]" name="pageObjects" is-config="true" duration-ms="17" started-at="2022-12-13T22:19:04 GMT" finished-at="2022-12-13T22:19:04 GMT">
          <reporter-output>
          </reporter-output>
        </test-method> <!-- pageObjects -->
        <test-method status="PASS" signature="verifySuccessfulPageNavigation()[pri:0, instance:com.nopcommerce.demo.testsuite.TopMenuTest@481a15ff]" name="verifySuccessfulPageNavigation" duration-ms="991" started-at="2022-12-13T22:19:04 GMT" finished-at="2022-12-13T22:19:05 GMT">
          <reporter-output>
            <line>
              <![CDATA[The menu options are [[[ChromeDriver: chrome on WINDOWS (4cbd60a284b95d7fa535a3ce02fff8bc)] -> xpath: //div[@class='header-menu']//ul/child::*], [[ChromeDriver: chrome on WINDOWS (4cbd60a284b95d7fa535a3ce02fff8bc)] -> xpath: //div[@class='header-menu']//ul/child::*], [[ChromeDriver: chrome on WINDOWS (4cbd60a284b95d7fa535a3ce02fff8bc)] -> xpath: //div[@class='header-menu']//ul/child::*], [[ChromeDriver: chrome on WINDOWS (4cbd60a284b95d7fa535a3ce02fff8bc)] -> xpath: //div[@class='header-menu']//ul/child::*], [[ChromeDriver: chrome on WINDOWS (4cbd60a284b95d7fa535a3ce02fff8bc)] -> xpath: //div[@class='header-menu']//ul/child::*], [[ChromeDriver: chrome on WINDOWS (4cbd60a284b95d7fa535a3ce02fff8bc)] -> xpath: //div[@class='header-menu']//ul/child::*], [[ChromeDriver: chrome on WINDOWS (4cbd60a284b95d7fa535a3ce02fff8bc)] -> xpath: //div[@class='header-menu']//ul/child::*], [[ChromeDriver: chrome on WINDOWS (4cbd60a284b95d7fa535a3ce02fff8bc)] -> xpath: //div[@class='header-menu']//ul/child::*], [[ChromeDriver: chrome on WINDOWS (4cbd60a284b95d7fa535a3ce02fff8bc)] -> xpath: //div[@class='header-menu']//ul/child::*], [[ChromeDriver: chrome on WINDOWS (4cbd60a284b95d7fa535a3ce02fff8bc)] -> xpath: //div[@class='header-menu']//ul/child::*], [[ChromeDriver: chrome on WINDOWS (4cbd60a284b95d7fa535a3ce02fff8bc)] -> xpath: //div[@class='header-menu']//ul/child::*], [[ChromeDriver: chrome on WINDOWS (4cbd60a284b95d7fa535a3ce02fff8bc)] -> xpath: //div[@class='header-menu']//ul/child::*], [[ChromeDriver: chrome on WINDOWS (4cbd60a284b95d7fa535a3ce02fff8bc)] -> xpath: //div[@class='header-menu']//ul/child::*], [[ChromeDriver: chrome on WINDOWS (4cbd60a284b95d7fa535a3ce02fff8bc)] -> xpath: //div[@class='header-menu']//ul/child::*], [[ChromeDriver: chrome on WINDOWS (4cbd60a284b95d7fa535a3ce02fff8bc)] -> xpath: //div[@class='header-menu']//ul/child::*], [[ChromeDriver: chrome on WINDOWS (4cbd60a284b95d7fa535a3ce02fff8bc)] -> xpath: //div[@class='header-menu']//ul/child::*], [[ChromeDriver: chrome on WINDOWS (4cbd60a284b95d7fa535a3ce02fff8bc)] -> xpath: //div[@class='header-menu']//ul/child::*], [[ChromeDriver: chrome on WINDOWS (4cbd60a284b95d7fa535a3ce02fff8bc)] -> xpath: //div[@class='header-menu']//ul/child::*], [[ChromeDriver: chrome on WINDOWS (4cbd60a284b95d7fa535a3ce02fff8bc)] -> xpath: //div[@class='header-menu']//ul/child::*], [[ChromeDriver: chrome on WINDOWS (4cbd60a284b95d7fa535a3ce02fff8bc)] -> xpath: //div[@class='header-menu']//ul/child::*], [[ChromeDriver: chrome on WINDOWS (4cbd60a284b95d7fa535a3ce02fff8bc)] -> xpath: //div[@class='header-menu']//ul/child::*], [[ChromeDriver: chrome on WINDOWS (4cbd60a284b95d7fa535a3ce02fff8bc)] -> xpath: //div[@class='header-menu']//ul/child::*], [[ChromeDriver: chrome on WINDOWS (4cbd60a284b95d7fa535a3ce02fff8bc)] -> xpath: //div[@class='header-menu']//ul/child::*], [[ChromeDriver: chrome on WINDOWS (4cbd60a284b95d7fa535a3ce02fff8bc)] -> xpath: //div[@class='header-menu']//ul/child::*], [[ChromeDriver: chrome on WINDOWS (4cbd60a284b95d7fa535a3ce02fff8bc)] -> xpath: //div[@class='header-menu']//ul/child::*], [[ChromeDriver: chrome on WINDOWS (4cbd60a284b95d7fa535a3ce02fff8bc)] -> xpath: //div[@class='header-menu']//ul/child::*], [[ChromeDriver: chrome on WINDOWS (4cbd60a284b95d7fa535a3ce02fff8bc)] -> xpath: //div[@class='header-menu']//ul/child::*], [[ChromeDriver: chrome on WINDOWS (4cbd60a284b95d7fa535a3ce02fff8bc)] -> xpath: //div[@class='header-menu']//ul/child::*], [[ChromeDriver: chrome on WINDOWS (4cbd60a284b95d7fa535a3ce02fff8bc)] -> xpath: //div[@class='header-menu']//ul/child::*], [[ChromeDriver: chrome on WINDOWS (4cbd60a284b95d7fa535a3ce02fff8bc)] -> xpath: //div[@class='header-menu']//ul/child::*], [[ChromeDriver: chrome on WINDOWS (4cbd60a284b95d7fa535a3ce02fff8bc)] -> xpath: //div[@class='header-menu']//ul/child::*], [[ChromeDriver: chrome on WINDOWS (4cbd60a284b95d7fa535a3ce02fff8bc)] -> xpath: //div[@class='header-menu']//ul/child::*]]]]>
            </line>
            <line>
              <![CDATA[The page title are [[ChromeDriver: chrome on WINDOWS (4cbd60a284b95d7fa535a3ce02fff8bc)] -> xpath: //div[@class='page-title']]]]>
            </line>
            <line>
              <![CDATA[Click to see screenshot]]>
            </line>
            <line>
              <![CDATA[<a target = "_blank" href=C:\Users\nik_7\IdeaProjects\project1-nopcommerece-pagefactory-nauman/test-output/html/verifySuccessfulPageNavigationTue_Dec_13_22_19_05_GMT_2022.jpg>Screenshot</a>]]>
            </line>
            <line>
              <![CDATA[<br>]]>
            </line>
            <line>
              <![CDATA[<br>]]>
            </line>
            <line>
              <![CDATA[<a target = "_blank" href=C:\Users\nik_7\IdeaProjects\project1-nopcommerece-pagefactory-nauman/test-output/html/verifySuccessfulPageNavigationTue_Dec_13_22_19_05_GMT_2022.jpg><img src=C:\Users\nik_7\IdeaProjects\project1-nopcommerece-pagefactory-nauman/test-output/html/verifySuccessfulPageNavigationTue_Dec_13_22_19_05_GMT_2022.jpg height=200 width=200></img></a>]]>
            </line>
          </reporter-output>
        </test-method> <!-- verifySuccessfulPageNavigation -->
        <test-method status="PASS" signature="tearDown()[pri:0, instance:com.nopcommerce.demo.testsuite.TopMenuTest@481a15ff]" name="tearDown" is-config="true" duration-ms="610" started-at="2022-12-13T22:19:05 GMT" finished-at="2022-12-13T22:19:06 GMT">
          <reporter-output>
          </reporter-output>
        </test-method> <!-- tearDown -->
        <test-method status="PASS" signature="setUp()[pri:0, instance:com.nopcommerce.demo.testsuite.TopMenuTest@481a15ff]" name="setUp" is-config="true" duration-ms="2086" started-at="2022-12-13T22:19:06 GMT" finished-at="2022-12-13T22:19:08 GMT">
          <reporter-output>
          </reporter-output>
        </test-method> <!-- setUp -->
        <test-method status="PASS" signature="pageObjects()[pri:0, instance:com.nopcommerce.demo.testsuite.TopMenuTest@481a15ff]" name="pageObjects" is-config="true" duration-ms="1" started-at="2022-12-13T22:19:08 GMT" finished-at="2022-12-13T22:19:08 GMT">
          <reporter-output>
          </reporter-output>
        </test-method> <!-- pageObjects -->
        <test-method status="PASS" signature="verifySuccessfulPageNavigation2()[pri:0, instance:com.nopcommerce.demo.testsuite.TopMenuTest@481a15ff]" name="verifySuccessfulPageNavigation2" duration-ms="859" started-at="2022-12-13T22:19:08 GMT" finished-at="2022-12-13T22:19:09 GMT">
          <reporter-output>
            <line>
              <![CDATA[The menu options are [[[ChromeDriver: chrome on WINDOWS (c6811eee25d51ad23c5b8d76db56d87f)] -> xpath: //div[@class='header-menu']//ul/child::*], [[ChromeDriver: chrome on WINDOWS (c6811eee25d51ad23c5b8d76db56d87f)] -> xpath: //div[@class='header-menu']//ul/child::*], [[ChromeDriver: chrome on WINDOWS (c6811eee25d51ad23c5b8d76db56d87f)] -> xpath: //div[@class='header-menu']//ul/child::*], [[ChromeDriver: chrome on WINDOWS (c6811eee25d51ad23c5b8d76db56d87f)] -> xpath: //div[@class='header-menu']//ul/child::*], [[ChromeDriver: chrome on WINDOWS (c6811eee25d51ad23c5b8d76db56d87f)] -> xpath: //div[@class='header-menu']//ul/child::*], [[ChromeDriver: chrome on WINDOWS (c6811eee25d51ad23c5b8d76db56d87f)] -> xpath: //div[@class='header-menu']//ul/child::*], [[ChromeDriver: chrome on WINDOWS (c6811eee25d51ad23c5b8d76db56d87f)] -> xpath: //div[@class='header-menu']//ul/child::*], [[ChromeDriver: chrome on WINDOWS (c6811eee25d51ad23c5b8d76db56d87f)] -> xpath: //div[@class='header-menu']//ul/child::*], [[ChromeDriver: chrome on WINDOWS (c6811eee25d51ad23c5b8d76db56d87f)] -> xpath: //div[@class='header-menu']//ul/child::*], [[ChromeDriver: chrome on WINDOWS (c6811eee25d51ad23c5b8d76db56d87f)] -> xpath: //div[@class='header-menu']//ul/child::*], [[ChromeDriver: chrome on WINDOWS (c6811eee25d51ad23c5b8d76db56d87f)] -> xpath: //div[@class='header-menu']//ul/child::*], [[ChromeDriver: chrome on WINDOWS (c6811eee25d51ad23c5b8d76db56d87f)] -> xpath: //div[@class='header-menu']//ul/child::*], [[ChromeDriver: chrome on WINDOWS (c6811eee25d51ad23c5b8d76db56d87f)] -> xpath: //div[@class='header-menu']//ul/child::*], [[ChromeDriver: chrome on WINDOWS (c6811eee25d51ad23c5b8d76db56d87f)] -> xpath: //div[@class='header-menu']//ul/child::*], [[ChromeDriver: chrome on WINDOWS (c6811eee25d51ad23c5b8d76db56d87f)] -> xpath: //div[@class='header-menu']//ul/child::*], [[ChromeDriver: chrome on WINDOWS (c6811eee25d51ad23c5b8d76db56d87f)] -> xpath: //div[@class='header-menu']//ul/child::*], [[ChromeDriver: chrome on WINDOWS (c6811eee25d51ad23c5b8d76db56d87f)] -> xpath: //div[@class='header-menu']//ul/child::*], [[ChromeDriver: chrome on WINDOWS (c6811eee25d51ad23c5b8d76db56d87f)] -> xpath: //div[@class='header-menu']//ul/child::*], [[ChromeDriver: chrome on WINDOWS (c6811eee25d51ad23c5b8d76db56d87f)] -> xpath: //div[@class='header-menu']//ul/child::*], [[ChromeDriver: chrome on WINDOWS (c6811eee25d51ad23c5b8d76db56d87f)] -> xpath: //div[@class='header-menu']//ul/child::*], [[ChromeDriver: chrome on WINDOWS (c6811eee25d51ad23c5b8d76db56d87f)] -> xpath: //div[@class='header-menu']//ul/child::*], [[ChromeDriver: chrome on WINDOWS (c6811eee25d51ad23c5b8d76db56d87f)] -> xpath: //div[@class='header-menu']//ul/child::*], [[ChromeDriver: chrome on WINDOWS (c6811eee25d51ad23c5b8d76db56d87f)] -> xpath: //div[@class='header-menu']//ul/child::*], [[ChromeDriver: chrome on WINDOWS (c6811eee25d51ad23c5b8d76db56d87f)] -> xpath: //div[@class='header-menu']//ul/child::*], [[ChromeDriver: chrome on WINDOWS (c6811eee25d51ad23c5b8d76db56d87f)] -> xpath: //div[@class='header-menu']//ul/child::*], [[ChromeDriver: chrome on WINDOWS (c6811eee25d51ad23c5b8d76db56d87f)] -> xpath: //div[@class='header-menu']//ul/child::*], [[ChromeDriver: chrome on WINDOWS (c6811eee25d51ad23c5b8d76db56d87f)] -> xpath: //div[@class='header-menu']//ul/child::*], [[ChromeDriver: chrome on WINDOWS (c6811eee25d51ad23c5b8d76db56d87f)] -> xpath: //div[@class='header-menu']//ul/child::*], [[ChromeDriver: chrome on WINDOWS (c6811eee25d51ad23c5b8d76db56d87f)] -> xpath: //div[@class='header-menu']//ul/child::*], [[ChromeDriver: chrome on WINDOWS (c6811eee25d51ad23c5b8d76db56d87f)] -> xpath: //div[@class='header-menu']//ul/child::*], [[ChromeDriver: chrome on WINDOWS (c6811eee25d51ad23c5b8d76db56d87f)] -> xpath: //div[@class='header-menu']//ul/child::*], [[ChromeDriver: chrome on WINDOWS (c6811eee25d51ad23c5b8d76db56d87f)] -> xpath: //div[@class='header-menu']//ul/child::*]]]]>
            </line>
            <line>
              <![CDATA[The page title are [[ChromeDriver: chrome on WINDOWS (c6811eee25d51ad23c5b8d76db56d87f)] -> xpath: //div[@class='page-title']]]]>
            </line>
            <line>
              <![CDATA[Click to see screenshot]]>
            </line>
            <line>
              <![CDATA[<a target = "_blank" href=C:\Users\nik_7\IdeaProjects\project1-nopcommerece-pagefactory-nauman/test-output/html/verifySuccessfulPageNavigation2Tue_Dec_13_22_19_09_GMT_2022.jpg>Screenshot</a>]]>
            </line>
            <line>
              <![CDATA[<br>]]>
            </line>
            <line>
              <![CDATA[<br>]]>
            </line>
            <line>
              <![CDATA[<a target = "_blank" href=C:\Users\nik_7\IdeaProjects\project1-nopcommerece-pagefactory-nauman/test-output/html/verifySuccessfulPageNavigation2Tue_Dec_13_22_19_09_GMT_2022.jpg><img src=C:\Users\nik_7\IdeaProjects\project1-nopcommerece-pagefactory-nauman/test-output/html/verifySuccessfulPageNavigation2Tue_Dec_13_22_19_09_GMT_2022.jpg height=200 width=200></img></a>]]>
            </line>
          </reporter-output>
        </test-method> <!-- verifySuccessfulPageNavigation2 -->
        <test-method status="PASS" signature="tearDown()[pri:0, instance:com.nopcommerce.demo.testsuite.TopMenuTest@481a15ff]" name="tearDown" is-config="true" duration-ms="598" started-at="2022-12-13T22:19:09 GMT" finished-at="2022-12-13T22:19:10 GMT">
          <reporter-output>
          </reporter-output>
        </test-method> <!-- tearDown -->
      </class> <!-- com.nopcommerce.demo.testsuite.TopMenuTest -->
    </test> <!-- Regression Test -->
  </suite> <!-- testsuite -->
</testng-results>
