<?xml version="1.0" encoding="UTF-8"?>
<!-- Generated by org.testng.reporters.JUnitXMLReporter -->
<testsuite hostname="Naumans-PC" ignored="0" name="Regression Test" tests="6" failures="0" timestamp="2022-12-13T22:19:47 GMT" time="46.592" errors="0">
  <testcase name="verifySuccessfulPageNavigation" time="0.991" classname="com.nopcommerce.demo.testsuite.TopMenuTest"/>
  <testcase name="verifySuccessfulPageNavigation2" time="0.859" classname="com.nopcommerce.demo.testsuite.TopMenuTest"/>
  <testcase name="verifyThatTheProductAddedSuccessfullyAndPlaceOrderSuccessfully" time="12.193" classname="com.nopcommerce.demo.testsuite.ElectronicTest"/>
  <testcase name="verifyUserShouldNavigateToCellPhonesPageSuccessfully" time="0.819" classname="com.nopcommerce.demo.testsuite.ElectronicTest"/>
  <testcase name="verifyProductAddedToShoppingCartSuccessFully" time="11.705" classname="com.nopcommerce.demo.testsuite.ComputersTest"/>
  <testcase name="verifyProductArrangeInAlphabeticalOrder" time="0.855" classname="com.nopcommerce.demo.testsuite.ComputersTest"/>
</testsuite> <!-- Regression Test -->
